#
# A fatal error has been detected by the Java Runtime Environment:
#
#  SIGSEGV (0xb) at pc=0x0000000000000000, pid=4396, tid=140228826175232
#
# JRE version: Java(TM) SE Runtime Environment (8.0_31-b13) (build 1.8.0_31-b13)
# Java VM: Java HotSpot(TM) 64-Bit Server VM (25.31-b07 mixed mode linux-amd64 compressed oops)
# Problematic frame:
# C  0x0000000000000000
#
# Failed to write core dump. Core dumps have been disabled. To enable core dumping, try "ulimit -c unlimited" before starting Java again
#
# If you would like to submit a bug report, please visit:
#   http://bugreport.java.com/bugreport/crash.jsp
#

---------------  T H R E A D  ---------------

Current thread (0x00007f892c004800):  JavaThread "RMI TCP Connection(9)-192.168.1.31" daemon [_thread_in_Java, id=4667, stack(0x00007f89914f1000,0x00007f89915f2000)]

siginfo: si_signo: 11 (SIGSEGV), si_code: 1 (SEGV_MAPERR), si_addr: 0x0000000000000000

Registers:
RAX=0x00007f89a1007710, RBX=0x00007f8993e73e70, RCX=0x00007f8993ed1270, RDX=0x00007f89a1007710
RSP=0x00007f89915eea88, RBP=0x00007f89915eeb00, RSI=0x00000000c41f0360, RDI=0x00007f8921344fd8
R8 =0x0000000000000000, R9 =0x0000000000000006, R10=0x00007f89b77f3420, R11=0x00007f89a24a74c0
R12=0x0000000000000000, R13=0x00007f89915eea88, R14=0x00007f89915eeb48, R15=0x00007f892c004800
RIP=0x0000000000000000, EFLAGS=0x0000000000010202, CSGSFS=0x0000000000000033, ERR=0x0000000000000014
  TRAPNO=0x000000000000000e

Top of Stack: (sp=0x00007f89915eea88)
0x00007f89915eea88:   00007f89a1007710 00000000c5a913d8
0x00007f89915eea98:   00000000eb91df88 00000000c41029e0
0x00007f89915eeaa8:   00000000c5af4c00 00000000c2bc6518
0x00007f89915eeab8:   00000000eb91e010 00007f89915eeac0
0x00007f89915eeac8:   00007f8993ed11f4 00007f89915eeb48
0x00007f89915eead8:   00007f8993ed1270 0000000000000000
0x00007f89915eeae8:   00007f8993ed1200 00007f89915eea88
0x00007f89915eeaf8:   00007f89915eeb18 00007f89915eeb90
0x00007f89915eeb08:   00007f89a1007710 00000000c41f01e0
0x00007f89915eeb18:   00000000c5a913d8 00000000eb91df88
0x00007f89915eeb28:   00000000c41029e0 00000000c5af4c00
0x00007f89915eeb38:   00000000c2bc6518 00000000eb91e010
0x00007f89915eeb48:   00000000c41f0360 00007f89915eeb50
0x00007f89915eeb58:   00007f8993ef81a3 00007f89915eeba8
0x00007f89915eeb68:   00007f8993ef8220 0000000000000000
0x00007f89915eeb78:   00007f8993ef81b0 00007f89915eeb18
0x00007f89915eeb88:   00007f89915eeb98 00007f89915eebf0
0x00007f89915eeb98:   00007f89a1007710 00000000eb91e0e0
0x00007f89915eeba8:   00000000c41f0360 00007f89915eebb0
0x00007f89915eebb8:   00007f8993ed09eb 00007f89915eec18
0x00007f89915eebc8:   00007f8993ed0a68 0000000000000000
0x00007f89915eebd8:   00007f8993ed09f8 00007f89915eeb98
0x00007f89915eebe8:   00007f89915eec08 00007f89915eec60
0x00007f89915eebf8:   00007f89a1007710 00000000c4181040
0x00007f89915eec08:   00000000eb91e0e0 00000000c41f0360
0x00007f89915eec18:   00000000c4181020 00007f89915eec20
0x00007f89915eec28:   00007f89217fdf76 00007f89915eec78
0x00007f89915eec38:   00007f89214018b8 0000000000000000
0x00007f89915eec48:   00007f89217fdf90 00007f89915eec08
0x00007f89915eec58:   00007f89915eec70 00007f89915eecc0
0x00007f89915eec68:   00007f89a1007710 00000000eb91e0e0
0x00007f89915eec78:   00000000c41f0420 00007f89915eec80 

Instructions: (pc=0x0000000000000000)
0xffffffffffffffe0:   

Register to memory mapping:

RAX=0x00007f89a1007710 is at code_begin+1456 in an Interpreter codelet
invoke return entry points  [0x00007f89a1007160, 0x00007f89a1007a60]  2304 bytes
RBX=0x00007f8993e73e70 is pointing into metadata
RCX=0x00007f8993ed1270 is pointing into metadata
RDX=0x00007f89a1007710 is at code_begin+1456 in an Interpreter codelet
invoke return entry points  [0x00007f89a1007160, 0x00007f89a1007a60]  2304 bytes
RSP=0x00007f89915eea88 is pointing into the stack for thread: 0x00007f892c004800
RBP=0x00007f89915eeb00 is pointing into the stack for thread: 0x00007f892c004800
RSI=0x00000000c41f0360 is an oop
java.lang.invoke.DirectMethodHandle 
 - klass: 'java/lang/invoke/DirectMethodHandle'
RDI=0x00007f8921344fd8 is pointing into metadata
R8 =0x0000000000000000 is an unknown value
R9 =0x0000000000000006 is an unknown value
R10=0x00007f89b77f3420: <offset 0xf5d420> in /home/suse/sobngwi/java/jdk1.8.0_31/jre/lib/amd64/server/libjvm.so at 0x00007f89b6896000
R11=0x00007f89a24a74c0 is at entry_point+0 in (nmethod*)0x00007f89a24a7350
R12=0x0000000000000000 is an unknown value
R13=0x00007f89915eea88 is pointing into the stack for thread: 0x00007f892c004800
R14=0x00007f89915eeb48 is pointing into the stack for thread: 0x00007f892c004800
R15=0x00007f892c004800 is a thread


Stack: [0x00007f89914f1000,0x00007f89915f2000],  sp=0x00007f89915eea88,  free space=1014k

---------------  P R O C E S S  ---------------

Java Threads: ( => current thread )
  0x00007f893400b800 JavaThread "*** Profiler Agent Special Execution Thread 8" daemon [_thread_blocked, id=4774, stack(0x00007f89210ff000,0x00007f8921200000)]
  0x00007f892c00d000 JavaThread "RMI TCP Connection(idle)" daemon [_thread_blocked, id=4770, stack(0x00007f8990075000,0x00007f8990176000)]
  0x00007f8938041000 JavaThread "*** Profiler Agent Special Execution Thread 6" daemon [_thread_blocked, id=4756, stack(0x00007f89906d4000,0x00007f89907d5000)]
  0x00007f893803f000 JavaThread "*** JFluid Monitor thread ***" daemon [_thread_blocked, id=4755, stack(0x00007f89907d5000,0x00007f89908d6000)]
  0x00007f8938035800 JavaThread "*** Profiler Agent Communication Thread" daemon [_thread_blocked, id=4752, stack(0x00007f89908d6000,0x00007f89909d7000)]
  0x00007f892c001000 JavaThread "RMI TCP Connection(idle)" daemon [_thread_blocked, id=4750, stack(0x00007f89918f5000,0x00007f89919f6000)]
  0x00007f894400a800 JavaThread "http-nio-8080-exec-10" daemon [_thread_blocked, id=4691, stack(0x00007f8990dec000,0x00007f8990eed000)]
  0x00007f8950004000 JavaThread "http-nio-8080-exec-9" daemon [_thread_blocked, id=4686, stack(0x00007f8990eed000,0x00007f8990fee000)]
  0x00007f8950002000 JavaThread "http-nio-8080-exec-8" daemon [_thread_blocked, id=4684, stack(0x00007f8990fee000,0x00007f89910ef000)]
  0x00007f8944009000 JavaThread "http-nio-8080-exec-7" daemon [_thread_blocked, id=4678, stack(0x00007f89910ef000,0x00007f89911f0000)]
  0x00007f8944007800 JavaThread "http-nio-8080-exec-6" daemon [_thread_blocked, id=4677, stack(0x00007f89911f0000,0x00007f89912f1000)]
=>0x00007f892c004800 JavaThread "RMI TCP Connection(9)-192.168.1.31" daemon [_thread_in_Java, id=4667, stack(0x00007f89914f1000,0x00007f89915f2000)]
  0x00007f892c003000 JavaThread "RMI TCP Connection(2)-192.168.1.31" daemon [_thread_blocked, id=4665, stack(0x00007f89915f2000,0x00007f89916f3000)]
  0x00007f8930015000 JavaThread "JMX server connection timeout 30" daemon [_thread_blocked, id=4662, stack(0x00007f89916f3000,0x00007f89917f4000)]
  0x00007f8930010800 JavaThread "RMI Scheduler(0)" daemon [_thread_blocked, id=4660, stack(0x00007f89917f4000,0x00007f89918f5000)]
  0x00007f893801b800 JavaThread "RMI TCP Accept-0" daemon [_thread_in_native, id=4656, stack(0x00007f89919f6000,0x00007f8991af7000)]
  0x00007f8974001000 JavaThread "Attach Listener" daemon [_thread_blocked, id=4654, stack(0x00007f8991af7000,0x00007f8991bf8000)]
  0x00007f8944005800 JavaThread "http-nio-8080-exec-5" daemon [_thread_blocked, id=4485, stack(0x00007f8991bf8000,0x00007f8991cf9000)]
  0x00007f8944004000 JavaThread "http-nio-8080-exec-4" daemon [_thread_blocked, id=4484, stack(0x00007f8991cf9000,0x00007f8991dfa000)]
  0x00007f8944003000 JavaThread "http-nio-8080-exec-3" daemon [_thread_blocked, id=4483, stack(0x00007f8991dfa000,0x00007f8991efb000)]
  0x00007f8950001000 JavaThread "http-nio-8080-exec-2" daemon [_thread_blocked, id=4482, stack(0x00007f899822c000,0x00007f899832d000)]
  0x00007f8944001800 JavaThread "http-nio-8080-exec-1" daemon [_thread_blocked, id=4481, stack(0x00007f899812b000,0x00007f899822c000)]
  0x00007f89b000c800 JavaThread "DestroyJavaVM" [_thread_blocked, id=4402, stack(0x00007f89b82eb000,0x00007f89b83ec000)]
  0x00007f89b1273000 JavaThread "http-nio-8080-Acceptor-0" daemon [_thread_in_native, id=4475, stack(0x00007f89920fb000,0x00007f89921fc000)]
  0x00007f89b1270800 JavaThread "http-nio-8080-ClientPoller-1" daemon [_thread_in_native, id=4474, stack(0x00007f89921fc000,0x00007f89922fd000)]
  0x00007f89b1262000 JavaThread "http-nio-8080-ClientPoller-0" daemon [_thread_in_native, id=4473, stack(0x00007f89922fd000,0x00007f89923fe000)]
  0x00007f89b1252000 JavaThread "NioBlockingSelector.BlockPoller-1" daemon [_thread_in_native, id=4472, stack(0x00007f89923fe000,0x00007f89924ff000)]
  0x00007f89b0dd3000 JavaThread "container-0" [_thread_blocked, id=4471, stack(0x00007f89934ff000,0x00007f8993600000)]
  0x00007f8960353000 JavaThread "ContainerBackgroundProcessor[StandardEngine[Tomcat].StandardHost[localhost].StandardContext[]]" daemon [_thread_blocked, id=4470, stack(0x00007f899802a000,0x00007f899812b000)]
  0x00007f89b00cf800 JavaThread "Service Thread" daemon [_thread_blocked, id=4414, stack(0x00007f8999d4c000,0x00007f8999e4d000)]
  0x00007f89b00b7800 JavaThread "C1 CompilerThread2" daemon [_thread_blocked, id=4413, stack(0x00007f8999e4d000,0x00007f8999f4e000)]
  0x00007f89b00b5800 JavaThread "C2 CompilerThread1" daemon [_thread_blocked, id=4412, stack(0x00007f8999f4e000,0x00007f899a04f000)]
  0x00007f89b00b2800 JavaThread "C2 CompilerThread0" daemon [_thread_blocked, id=4411, stack(0x00007f899a04f000,0x00007f899a150000)]
  0x00007f89b00b0800 JavaThread "Signal Dispatcher" daemon [_thread_blocked, id=4410, stack(0x00007f89a00c2000,0x00007f89a01c3000)]
  0x00007f89b007f800 JavaThread "Finalizer" daemon [_thread_blocked, id=4409, stack(0x00007f89a02f3000,0x00007f89a03f4000)]
  0x00007f89b007d000 JavaThread "Reference Handler" daemon [_thread_blocked, id=4408, stack(0x00007f89a03f4000,0x00007f89a04f5000)]

Other Threads:
  0x00007f89b0078000 VMThread [stack: 0x00007f89a04f5000,0x00007f89a05f6000] [id=4407]
  0x00007f89b00d1800 WatcherThread [stack: 0x00007f8999c4b000,0x00007f8999d4c000] [id=4415]

VM state:synchronizing (normal execution)

VM Mutex/Monitor currently owned by a thread:  ([mutex/lock_event])
[0x00007f89b000b1d0] Safepoint_lock - owner thread: 0x00007f89b0078000
[0x00007f89b000b250] Threads_lock - owner thread: 0x00007f89b0078000

Heap:
 PSYoungGen      total 303616K, used 189932K [0x00000000eb900000, 0x0000000100000000, 0x0000000100000000)
  eden space 271360K, 69% used [0x00000000eb900000,0x00000000f727b200,0x00000000fc200000)
  from space 32256K, 0% used [0x00000000fe080000,0x00000000fe080000,0x0000000100000000)
  to   space 31232K, 0% used [0x00000000fc200000,0x00000000fc200000,0x00000000fe080000)
 ParOldGen       total 163328K, used 58475K [0x00000000c2a00000, 0x00000000cc980000, 0x00000000eb900000)
  object space 163328K, 35% used [0x00000000c2a00000,0x00000000c631af78,0x00000000cc980000)
 Metaspace       used 117215K, capacity 118412K, committed 118528K, reserved 1157120K
  class space    used 11299K, capacity 11673K, committed 11776K, reserved 1048576K

Card table byte_map: [0x00007f89b578b000,0x00007f89b5977000] byte_map_base: 0x00007f89b5176000

Marking Bits: (ParMarkBitMap*) 0x00007f89b77f12a0
 Begin Bits: [0x00007f899a150000, 0x00007f899b0a8000)
 End Bits:   [0x00007f899b0a8000, 0x00007f899c000000)

Polling page: 0x00007f89b8418000

CodeCache: size=245760Kb used=7725Kb max_used=21054Kb free=238034Kb
 bounds [0x00007f89a1000000, 0x00007f89a24b0000, 0x00007f89b0000000]
 total_blobs=2605 nmethods=2043 adapters=474
 compilation: enabled

Compilation events (10 events):
Event: 615,692 Thread 0x00007f89b00b5800 10822   !   4       java.util.zip.Inflater::inflate (129 bytes)
Event: 615,694 Thread 0x00007f89b00b5800 nmethod 10822 0x00007f89a1ba4390 code [0x00007f89a1ba4500, 0x00007f89a1ba4908]
Event: 615,699 Thread 0x00007f89b00b2800 10823       4       sun.instrument.InstrumentationImpl::transform (38 bytes)
Event: 615,701 Thread 0x00007f89b00b2800 nmethod 10823 0x00007f89a1b31410 code [0x00007f89a1b31560, 0x00007f89a1b31698]
Event: 618,752 Thread 0x00007f89b00b7800 10824       3       sun.rmi.server.UnicastRef::marshalValue (242 bytes)
Event: 618,754 Thread 0x00007f89b00b7800 nmethod 10824 0x00007f89a1188310 code [0x00007f89a11886c0, 0x00007f89a118a9a8]
Event: 618,755 Thread 0x00007f89b00b7800 10825   !   3       sun.rmi.server.UnicastServerRef::logCall (104 bytes)
Event: 618,756 Thread 0x00007f89b00b7800 nmethod 10825 0x00007f89a1185bd0 code [0x00007f89a1185f00, 0x00007f89a1187768]
Event: 619,617 Thread 0x00007f89b00b7800 10826       3       sun.nio.ch.SelectorImpl::keys (36 bytes)
Event: 619,617 Thread 0x00007f89b00b7800 nmethod 10826 0x00007f89a1b32510 code [0x00007f89a1b326c0, 0x00007f89a1b32ba8]

GC Heap History (10 events):
Event: 9,877 GC heap before
{Heap before GC invocations=17 (full 3):
 PSYoungGen      total 292864K, used 12885K [0x00000000eb900000, 0x00000000ffb80000, 0x0000000100000000)
  eden space 274944K, 0% used [0x00000000eb900000,0x00000000eb900000,0x00000000fc580000)
  from space 17920K, 71% used [0x00000000fd800000,0x00000000fe495590,0x00000000fe980000)
  to   space 18944K, 0% used [0x00000000fc580000,0x00000000fc580000,0x00000000fd800000)
 ParOldGen       total 73216K, used 48665K [0x00000000c2a00000, 0x00000000c7180000, 0x00000000eb900000)
  object space 73216K, 66% used [0x00000000c2a00000,0x00000000c5986740,0x00000000c7180000)
 Metaspace       used 48952K, capacity 49366K, committed 49664K, reserved 1093632K
  class space    used 6209K, capacity 6293K, committed 6400K, reserved 1048576K
Event: 10,118 GC heap after
Heap after GC invocations=17 (full 3):
 PSYoungGen      total 292864K, used 0K [0x00000000eb900000, 0x00000000ffb80000, 0x0000000100000000)
  eden space 274944K, 0% used [0x00000000eb900000,0x00000000eb900000,0x00000000fc580000)
  from space 17920K, 0% used [0x00000000fd800000,0x00000000fd800000,0x00000000fe980000)
  to   space 18944K, 0% used [0x00000000fc580000,0x00000000fc580000,0x00000000fd800000)
 ParOldGen       total 112640K, used 50450K [0x00000000c2a00000, 0x00000000c9800000, 0x00000000eb900000)
  object space 112640K, 44% used [0x00000000c2a00000,0x00000000c5b44870,0x00000000c9800000)
 Metaspace       used 48952K, capacity 49366K, committed 49664K, reserved 1093632K
  class space    used 6209K, capacity 6293K, committed 6400K, reserved 1048576K
}
Event: 403,592 GC heap before
{Heap before GC invocations=18 (full 3):
 PSYoungGen      total 292864K, used 255860K [0x00000000eb900000, 0x00000000ffb80000, 0x0000000100000000)
  eden space 274944K, 93% used [0x00000000eb900000,0x00000000fb2dd360,0x00000000fc580000)
  from space 17920K, 0% used [0x00000000fd800000,0x00000000fd800000,0x00000000fe980000)
  to   space 18944K, 0% used [0x00000000fc580000,0x00000000fc580000,0x00000000fd800000)
 ParOldGen       total 112640K, used 50450K [0x00000000c2a00000, 0x00000000c9800000, 0x00000000eb900000)
  object space 112640K, 44% used [0x00000000c2a00000,0x00000000c5b44870,0x00000000c9800000)
 Metaspace       used 81584K, capacity 82590K, committed 82776K, reserved 1122304K
  class space    used 9551K, capacity 9884K, committed 9984K, reserved 1048576K
Event: 404,109 GC heap after
Heap after GC invocations=18 (full 3):
 PSYoungGen      total 293888K, used 18940K [0x00000000eb900000, 0x0000000100000000, 0x0000000100000000)
  eden space 274944K, 0% used [0x00000000eb900000,0x00000000eb900000,0x00000000fc580000)
  from space 18944K, 99% used [0x00000000fc580000,0x00000000fd7ff148,0x00000000fd800000)
  to   space 32256K, 0% used [0x00000000fe080000,0x00000000fe080000,0x0000000100000000)
 ParOldGen       total 112640K, used 78829K [0x00000000c2a00000, 0x00000000c9800000, 0x00000000eb900000)
  object space 112640K, 69% used [0x00000000c2a00000,0x00000000c76fb5d8,0x00000000c9800000)
 Metaspace       used 81584K, capacity 82590K, committed 82776K, reserved 1122304K
  class space    used 9551K, capacity 9884K, committed 9984K, reserved 1048576K
}
Event: 404,109 GC heap before
{Heap before GC invocations=19 (full 4):
 PSYoungGen      total 293888K, used 18940K [0x00000000eb900000, 0x0000000100000000, 0x0000000100000000)
  eden space 274944K, 0% used [0x00000000eb900000,0x00000000eb900000,0x00000000fc580000)
  from space 18944K, 99% used [0x00000000fc580000,0x00000000fd7ff148,0x00000000fd800000)
  to   space 32256K, 0% used [0x00000000fe080000,0x00000000fe080000,0x0000000100000000)
 ParOldGen       total 112640K, used 78829K [0x00000000c2a00000, 0x00000000c9800000, 0x00000000eb900000)
  object space 112640K, 69% used [0x00000000c2a00000,0x00000000c76fb5d8,0x00000000c9800000)
 Metaspace       used 81584K, capacity 82590K, committed 82776K, reserved 1122304K
  class space    used 9551K, capacity 9884K, committed 9984K, reserved 1048576K
Event: 404,437 GC heap after
Heap after GC invocations=19 (full 4):
 PSYoungGen      total 293888K, used 0K [0x00000000eb900000, 0x0000000100000000, 0x0000000100000000)
  eden space 274944K, 0% used [0x00000000eb900000,0x00000000eb900000,0x00000000fc580000)
  from space 18944K, 0% used [0x00000000fc580000,0x00000000fc580000,0x00000000fd800000)
  to   space 32256K, 0% used [0x00000000fe080000,0x00000000fe080000,0x0000000100000000)
 ParOldGen       total 179200K, used 90391K [0x00000000c2a00000, 0x00000000cd900000, 0x00000000eb900000)
  object space 179200K, 50% used [0x00000000c2a00000,0x00000000c8245cc8,0x00000000cd900000)
 Metaspace       used 81584K, capacity 82590K, committed 82776K, reserved 1122304K
  class space    used 9551K, capacity 9884K, committed 9984K, reserved 1048576K
}
Event: 614,637 GC heap before
{Heap before GC invocations=20 (full 4):
 PSYoungGen      total 293888K, used 121683K [0x00000000eb900000, 0x0000000100000000, 0x0000000100000000)
  eden space 274944K, 44% used [0x00000000eb900000,0x00000000f2fd4f40,0x00000000fc580000)
  from space 18944K, 0% used [0x00000000fc580000,0x00000000fc580000,0x00000000fd800000)
  to   space 32256K, 0% used [0x00000000fe080000,0x00000000fe080000,0x0000000100000000)
 ParOldGen       total 179200K, used 90391K [0x00000000c2a00000, 0x00000000cd900000, 0x00000000eb900000)
  object space 179200K, 50% used [0x00000000c2a00000,0x00000000c8245cc8,0x00000000cd900000)
 Metaspace       used 116870K, capacity 118098K, committed 118272K, reserved 1155072K
  class space    used 11299K, capacity 11674K, committed 11776K, reserved 1048576K
Event: 614,668 GC heap after
Heap after GC invocations=20 (full 4):
 PSYoungGen      total 303616K, used 7902K [0x00000000eb900000, 0x0000000100000000, 0x0000000100000000)
  eden space 271360K, 0% used [0x00000000eb900000,0x00000000eb900000,0x00000000fc200000)
  from space 32256K, 24% used [0x00000000fe080000,0x00000000fe837838,0x0000000100000000)
  to   space 31232K, 0% used [0x00000000fc200000,0x00000000fc200000,0x00000000fe080000)
 ParOldGen       total 179200K, used 90399K [0x00000000c2a00000, 0x00000000cd900000, 0x00000000eb900000)
  object space 179200K, 50% used [0x00000000c2a00000,0x00000000c8247cc8,0x00000000cd900000)
 Metaspace       used 116870K, capacity 118098K, committed 118272K, reserved 1155072K
  class space    used 11299K, capacity 11674K, committed 11776K, reserved 1048576K
}
Event: 614,668 GC heap before
{Heap before GC invocations=21 (full 5):
 PSYoungGen      total 303616K, used 7902K [0x00000000eb900000, 0x0000000100000000, 0x0000000100000000)
  eden space 271360K, 0% used [0x00000000eb900000,0x00000000eb900000,0x00000000fc200000)
  from space 32256K, 24% used [0x00000000fe080000,0x00000000fe837838,0x0000000100000000)
  to   space 31232K, 0% used [0x00000000fc200000,0x00000000fc200000,0x00000000fe080000)
 ParOldGen       total 179200K, used 90399K [0x00000000c2a00000, 0x00000000cd900000, 0x00000000eb900000)
  object space 179200K, 50% used [0x00000000c2a00000,0x00000000c8247cc8,0x00000000cd900000)
 Metaspace       used 116870K, capacity 118098K, committed 118272K, reserved 1155072K
  class space    used 11299K, capacity 11674K, committed 11776K, reserved 1048576K
Event: 614,812 GC heap after
Heap after GC invocations=21 (full 5):
 PSYoungGen      total 303616K, used 0K [0x00000000eb900000, 0x0000000100000000, 0x0000000100000000)
  eden space 271360K, 0% used [0x00000000eb900000,0x00000000eb900000,0x00000000fc200000)
  from space 32256K, 0% used [0x00000000fe080000,0x00000000fe080000,0x0000000100000000)
  to   space 31232K, 0% used [0x00000000fc200000,0x00000000fc200000,0x00000000fe080000)
 ParOldGen       total 163328K, used 58475K [0x00000000c2a00000, 0x00000000cc980000, 0x00000000eb900000)
  object space 163328K, 35% used [0x00000000c2a00000,0x00000000c631af78,0x00000000cc980000)
 Metaspace       used 116869K, capacity 118092K, committed 118272K, reserved 1155072K
  class space    used 11299K, capacity 11673K, committed 11776K, reserved 1048576K
}

Deoptimization events (10 events):
Event: 567,937 Thread 0x00007f892c001000 Uncommon trap: reason=bimorphic action=maybe_recompile pc=0x00007f89a16bb4ec method=java.util.HashMap.putVal(ILjava/lang/Object;Ljava/lang/Object;ZZ)Ljava/lang/Object; @ 203
Event: 567,938 Thread 0x00007f892c001000 Uncommon trap: reason=bimorphic action=maybe_recompile pc=0x00007f89a16bb4ec method=java.util.HashMap.putVal(ILjava/lang/Object;Ljava/lang/Object;ZZ)Ljava/lang/Object; @ 203
Event: 567,939 Thread 0x00007f892c001000 Uncommon trap: reason=bimorphic action=maybe_recompile pc=0x00007f89a1c09ef0 method=java.util.HashMap.putVal(ILjava/lang/Object;Ljava/lang/Object;ZZ)Ljava/lang/Object; @ 203
Event: 567,986 Thread 0x00007f892c001000 Uncommon trap: reason=unreached action=reinterpret pc=0x00007f89a166bfc8 method=java.lang.reflect.Executable.declaredAnnotations()Ljava/util/Map; @ 4
Event: 568,046 Thread 0x00007f892c001000 Uncommon trap: reason=predicate action=maybe_recompile pc=0x00007f89a1651644 method=java.lang.Class.annotationData()Ljava/lang/Class$AnnotationData; @ 0
Event: 615,142 Thread 0x00007f893400b800 Uncommon trap: reason=unreached action=reinterpret pc=0x00007f89a142dc68 method=java.util.zip.ZipCoder.encoder()Ljava/nio/charset/CharsetEncoder; @ 4
Event: 615,243 Thread 0x00007f893400b800 Uncommon trap: reason=unreached action=reinterpret pc=0x00007f89a11a54d4 method=sun.misc.URLClassPath$JarLoader.ensureOpen()V @ 4
Event: 615,243 Thread 0x00007f893400b800 Uncommon trap: reason=unreached action=reinterpret pc=0x00007f89a1e6b11c method=java.util.zip.ZipCoder.encoder()Ljava/nio/charset/CharsetEncoder; @ 4
Event: 615,262 Thread 0x00007f893400b800 Uncommon trap: reason=null_check action=make_not_entrant pc=0x00007f89a2104188 method=org.netbeans.lib.profiler.server.ClassLoaderManager.getLoadedClass(Ljava/lang/String;)Ljava/lang/Class; @ 16
Event: 615,270 Thread 0x00007f893400b800 Uncommon trap: reason=null_check action=make_not_entrant pc=0x00007f89a1a034e4 method=org.netbeans.lib.profiler.server.ClassLoaderManager.getLoadedClass(Ljava/lang/String;)Ljava/lang/Class; @ 16

Internal exceptions (10 events):
Event: 568,168 Thread 0x00007f892c001000 Exception <a 'java/lang/ArrayIndexOutOfBoundsException'> (0x00000000f21a1488) thrown at [/HUDSON/workspace/8-2-build-linux-amd64/jdk8u31/2394/hotspot/src/share/vm/runtime/sharedRuntime.cpp, line 604]
Event: 568,169 Thread 0x00007f892c001000 Exception <a 'java/lang/ArrayIndexOutOfBoundsException'> (0x00000000f21ba678) thrown at [/HUDSON/workspace/8-2-build-linux-amd64/jdk8u31/2394/hotspot/src/share/vm/runtime/sharedRuntime.cpp, line 604]
Event: 568,479 Thread 0x00007f892c001000 Exception <a 'java/lang/ArrayIndexOutOfBoundsException'> (0x00000000f229fb90) thrown at [/HUDSON/workspace/8-2-build-linux-amd64/jdk8u31/2394/hotspot/src/share/vm/runtime/sharedRuntime.cpp, line 604]
Event: 568,480 Thread 0x00007f892c001000 Exception <a 'java/lang/ArrayIndexOutOfBoundsException'> (0x00000000f22b6e98) thrown at [/HUDSON/workspace/8-2-build-linux-amd64/jdk8u31/2394/hotspot/src/share/vm/runtime/sharedRuntime.cpp, line 604]
Event: 568,482 Thread 0x00007f892c001000 Exception <a 'java/lang/ArrayIndexOutOfBoundsException'> (0x00000000f22d01d0) thrown at [/HUDSON/workspace/8-2-build-linux-amd64/jdk8u31/2394/hotspot/src/share/vm/runtime/sharedRuntime.cpp, line 604]
Event: 615,142 Thread 0x00007f893400b800 Implicit null exception at 0x00007f89a142d795 to 0x00007f89a142dc4d
Event: 615,243 Thread 0x00007f893400b800 Implicit null exception at 0x00007f89a11a506a to 0x00007f89a11a54bd
Event: 615,243 Thread 0x00007f893400b800 Implicit null exception at 0x00007f89a1e6a6e3 to 0x00007f89a1e6b0f9
Event: 615,262 Thread 0x00007f893400b800 Implicit null exception at 0x00007f89a2103d4d to 0x00007f89a2104179
Event: 615,270 Thread 0x00007f893400b800 Implicit null exception at 0x00007f89a1a021dc to 0x00007f89a1a034cd

Events (10 events):
Event: 619,617 Thread 0x00007f89b00b7800 flushing nmethod 0x00007f89a125dd10
Event: 619,617 Thread 0x00007f89b00b7800 flushing nmethod 0x00007f89a12a3350
Event: 619,670 Executing VM operation: RedefineClasses
Event: 620,520 Executing VM operation: RedefineClasses done
Event: 620,520 Thread 0x00007f8938035800 DEOPT PACKING pc=0x00007f89a1d3b9a4 sp=0x00007f89909d54a0
Event: 620,520 Thread 0x00007f8938035800 DEOPT UNPACKING pc=0x00007f89a1047373 sp=0x00007f89909d5370 mode 0
Event: 620,520 Thread 0x00007f892c004800 DEOPT PACKING pc=0x00007f89a186ff14 sp=0x00007f89915ef700
Event: 620,520 Thread 0x00007f892c004800 DEOPT UNPACKING pc=0x00007f89a1047373 sp=0x00007f89915ef418 mode 0
Event: 620,520 Thread 0x00007f892c004800 DEOPT PACKING pc=0x00007f89a23260ac sp=0x00007f89915ef760
Event: 620,520 Thread 0x00007f892c004800 DEOPT UNPACKING pc=0x00007f89a1047373 sp=0x00007f89915ef4b0 mode 0


Dynamic libraries:
00400000-00401000 r-xp 00000000 08:03 8389229                            /home/suse/sobngwi/java/jdk1.8.0_31/bin/java
00600000-00601000 rw-p 00000000 08:03 8389229                            /home/suse/sobngwi/java/jdk1.8.0_31/bin/java
01294000-012db000 rw-p 00000000 00:00 0                                  [heap]
c2a00000-cc980000 rw-p 00000000 00:00 0 
cc980000-eb900000 ---p 00000000 00:00 0 
eb900000-100000000 rw-p 00000000 00:00 0 
100000000-100b80000 rw-p 00000000 00:00 0 
100b80000-140000000 ---p 00000000 00:00 0 
7f891c000000-7f891c1f4000 rw-p 00000000 00:00 0 
7f891c1f4000-7f8920000000 ---p 00000000 00:00 0 
7f8920cff000-7f8920d3f000 rw-p 00000000 00:00 0 
7f8920d3f000-7f8920eff000 ---p 00000000 00:00 0 
7f8920eff000-7f89210ff000 rw-p 00000000 00:00 0 
7f89210ff000-7f8921102000 ---p 00000000 00:00 0 
7f8921102000-7f8921400000 rw-p 00000000 00:00 0                          [stack:4774]
7f8921400000-7f8921600000 rw-p 00000000 00:00 0 
7f8921600000-7f8921800000 rw-p 00000000 00:00 0 
7f8921800000-7f8921a00000 rw-p 00000000 00:00 0 
7f8921a00000-7f8921c00000 rw-p 00000000 00:00 0 
7f8921c00000-7f8921e00000 rw-p 00000000 00:00 0 
7f8921e00000-7f8922000000 rw-p 00000000 00:00 0 
7f8922000000-7f8922200000 rw-p 00000000 00:00 0 
7f8922200000-7f8922400000 rw-p 00000000 00:00 0 
7f8922400000-7f8922600000 rw-p 00000000 00:00 0 
7f8922600000-7f8922800000 rw-p 00000000 00:00 0 
7f8922800000-7f8922a00000 rw-p 00000000 00:00 0 
7f8922a00000-7f8922c00000 rw-p 00000000 00:00 0 
7f8922c00000-7f8922e00000 rw-p 00000000 00:00 0 
7f8922e00000-7f8923000000 rw-p 00000000 00:00 0 
7f8923000000-7f8923200000 rw-p 00000000 00:00 0 
7f8923200000-7f8923400000 rw-p 00000000 00:00 0 
7f8923400000-7f8923600000 rw-p 00000000 00:00 0 
7f8923600000-7f8923800000 rw-p 00000000 00:00 0 
7f8923800000-7f8923a00000 rw-p 00000000 00:00 0 
7f8923a00000-7f8923c00000 rw-p 00000000 00:00 0 
7f8923c00000-7f8923e00000 rw-p 00000000 00:00 0 
7f8923e00000-7f8924000000 rw-p 00000000 00:00 0 
7f8924000000-7f8924021000 rw-p 00000000 00:00 0 
7f8924021000-7f8928000000 ---p 00000000 00:00 0 
7f8928000000-7f8928021000 rw-p 00000000 00:00 0 
7f8928021000-7f892c000000 ---p 00000000 00:00 0 
7f892c000000-7f892c021000 rw-p 00000000 00:00 0 
7f892c021000-7f8930000000 ---p 00000000 00:00 0 
7f8930000000-7f89302dd000 rw-p 00000000 00:00 0 
7f89302dd000-7f8934000000 ---p 00000000 00:00 0 
7f8934000000-7f8934296000 rw-p 00000000 00:00 0 
7f8934296000-7f8938000000 ---p 00000000 00:00 0 
7f8938000000-7f893805d000 rw-p 00000000 00:00 0 
7f893805d000-7f893c000000 ---p 00000000 00:00 0 
7f893c000000-7f893c021000 rw-p 00000000 00:00 0 
7f893c021000-7f8940000000 ---p 00000000 00:00 0 
7f8940000000-7f894027f000 rw-p 00000000 00:00 0 
7f894027f000-7f8944000000 ---p 00000000 00:00 0 
7f8944000000-7f8944290000 rw-p 00000000 00:00 0 
7f8944290000-7f8948000000 ---p 00000000 00:00 0 
7f8948000000-7f8948a75000 rw-p 00000000 00:00 0 
7f8948a75000-7f894c000000 ---p 00000000 00:00 0 
7f894c000000-7f894c021000 rw-p 00000000 00:00 0 
7f894c021000-7f8950000000 ---p 00000000 00:00 0 
7f8950000000-7f895052d000 rw-p 00000000 00:00 0 
7f895052d000-7f8954000000 ---p 00000000 00:00 0 
7f8954000000-7f8954021000 rw-p 00000000 00:00 0 
7f8954021000-7f8958000000 ---p 00000000 00:00 0 
7f8958000000-7f8958021000 rw-p 00000000 00:00 0 
7f8958021000-7f895c000000 ---p 00000000 00:00 0 
7f895c000000-7f895c1f9000 rw-p 00000000 00:00 0 
7f895c1f9000-7f8960000000 ---p 00000000 00:00 0 
7f8960000000-7f896036c000 rw-p 00000000 00:00 0 
7f896036c000-7f8964000000 ---p 00000000 00:00 0 
7f8964000000-7f8964030000 rw-p 00000000 00:00 0 
7f8964030000-7f8968000000 ---p 00000000 00:00 0 
7f8968000000-7f8968021000 rw-p 00000000 00:00 0 
7f8968021000-7f896c000000 ---p 00000000 00:00 0 
7f896c000000-7f896db41000 rw-p 00000000 00:00 0 
7f896db41000-7f8970000000 ---p 00000000 00:00 0 
7f8970000000-7f8970b8c000 rw-p 00000000 00:00 0 
7f8970b8c000-7f8974000000 ---p 00000000 00:00 0 
7f8974000000-7f8974021000 rw-p 00000000 00:00 0 
7f8974021000-7f8978000000 ---p 00000000 00:00 0 
7f8978000000-7f8979bb6000 rw-p 00000000 00:00 0 
7f8979bb6000-7f897c000000 ---p 00000000 00:00 0 
7f897c000000-7f897c021000 rw-p 00000000 00:00 0 
7f897c021000-7f8980000000 ---p 00000000 00:00 0 
7f8980000000-7f8980021000 rw-p 00000000 00:00 0 
7f8980021000-7f8984000000 ---p 00000000 00:00 0 
7f8984000000-7f8984021000 rw-p 00000000 00:00 0 
7f8984021000-7f8988000000 ---p 00000000 00:00 0 
7f8988000000-7f89881f4000 rw-p 00000000 00:00 0 
7f89881f4000-7f898c000000 ---p 00000000 00:00 0 
7f898c000000-7f898c021000 rw-p 00000000 00:00 0 
7f898c021000-7f8990000000 ---p 00000000 00:00 0 
7f8990075000-7f8990078000 ---p 00000000 00:00 0 
7f8990078000-7f8990376000 rw-p 00000000 00:00 0                          [stack:4770]
7f8990376000-7f8990576000 rw-p 00000000 00:00 0 
7f8990576000-7f899069b000 rw-s 00000000 08:02 1058721                    /tmp/jfluidbuf6579903059676775483.tmp
7f899069b000-7f899069e000 ---p 00000000 00:00 0 
7f899069e000-7f89906d4000 rw-p 00000000 00:00 0 
7f89906d4000-7f89906d7000 ---p 00000000 00:00 0 
7f89906d7000-7f89907d5000 rw-p 00000000 00:00 0                          [stack:4756]
7f89907d5000-7f89907d8000 ---p 00000000 00:00 0 
7f89907d8000-7f89908d6000 rw-p 00000000 00:00 0                          [stack:4755]
7f89908d6000-7f89908d9000 ---p 00000000 00:00 0 
7f89908d9000-7f89909d7000 rw-p 00000000 00:00 0                          [stack:4752]
7f89909d7000-7f89909da000 ---p 00000000 00:00 0 
7f89909da000-7f8990ad8000 rw-p 00000000 00:00 0 
7f8990ad8000-7f8990ae2000 r-xp 00000000 08:03 28443731                   /home/suse/sobngwi/java/visualvm_138/profiler/lib/deployed/jdk16/linux-amd64/libprofilerinterface.so
7f8990ae2000-7f8990be1000 ---p 0000a000 08:03 28443731                   /home/suse/sobngwi/java/visualvm_138/profiler/lib/deployed/jdk16/linux-amd64/libprofilerinterface.so
7f8990be1000-7f8990be2000 rw-p 00009000 08:03 28443731                   /home/suse/sobngwi/java/visualvm_138/profiler/lib/deployed/jdk16/linux-amd64/libprofilerinterface.so
7f8990be2000-7f8990bec000 r-xp 00000000 08:03 8390863                    /home/suse/sobngwi/java/jdk1.8.0_31/jre/lib/amd64/libinstrument.so
7f8990bec000-7f8990deb000 ---p 0000a000 08:03 8390863                    /home/suse/sobngwi/java/jdk1.8.0_31/jre/lib/amd64/libinstrument.so
7f8990deb000-7f8990dec000 rw-p 00009000 08:03 8390863                    /home/suse/sobngwi/java/jdk1.8.0_31/jre/lib/amd64/libinstrument.so
7f8990dec000-7f8990def000 ---p 00000000 00:00 0 
7f8990def000-7f8990eed000 rw-p 00000000 00:00 0                          [stack:4691]
7f8990eed000-7f8990ef0000 ---p 00000000 00:00 0 
7f8990ef0000-7f8990fee000 rw-p 00000000 00:00 0                          [stack:4686]
7f8990fee000-7f8990ff1000 ---p 00000000 00:00 0 
7f8990ff1000-7f89910ef000 rw-p 00000000 00:00 0                          [stack:4684]
7f89910ef000-7f89910f2000 ---p 00000000 00:00 0 
7f89910f2000-7f89911f0000 rw-p 00000000 00:00 0                          [stack:4678]
7f89911f0000-7f89911f3000 ---p 00000000 00:00 0 
7f89911f3000-7f89914f1000 rw-p 00000000 00:00 0                          [stack:4677]
7f89914f1000-7f89914f4000 ---p 00000000 00:00 0 
7f89914f4000-7f89915f2000 rw-p 00000000 00:00 0                          [stack:4667]
7f89915f2000-7f89915f5000 ---p 00000000 00:00 0 
7f89915f5000-7f89916f3000 rw-p 00000000 00:00 0                          [stack:4665]
7f89916f3000-7f89916f6000 ---p 00000000 00:00 0 
7f89916f6000-7f89917f4000 rw-p 00000000 00:00 0                          [stack:4662]
7f89917f4000-7f89917f7000 ---p 00000000 00:00 0 
7f89917f7000-7f89918f5000 rw-p 00000000 00:00 0                          [stack:4660]
7f89918f5000-7f89918f8000 ---p 00000000 00:00 0 
7f89918f8000-7f89919f6000 rw-p 00000000 00:00 0                          [stack:4750]
7f89919f6000-7f89919f9000 ---p 00000000 00:00 0 
7f89919f9000-7f8991af7000 rw-p 00000000 00:00 0                          [stack:4656]
7f8991af7000-7f8991afa000 ---p 00000000 00:00 0 
7f8991afa000-7f8991bf8000 rw-p 00000000 00:00 0                          [stack:4654]
7f8991bf8000-7f8991bfb000 ---p 00000000 00:00 0 
7f8991bfb000-7f8991cf9000 rw-p 00000000 00:00 0                          [stack:4485]
7f8991cf9000-7f8991cfc000 ---p 00000000 00:00 0 
7f8991cfc000-7f8991dfa000 rw-p 00000000 00:00 0                          [stack:4484]
7f8991dfa000-7f8991dfd000 ---p 00000000 00:00 0 
7f8991dfd000-7f89920fb000 rw-p 00000000 00:00 0                          [stack:4483]
7f89920fb000-7f89920fe000 ---p 00000000 00:00 0 
7f89920fe000-7f89921fc000 rw-p 00000000 00:00 0                          [stack:4475]
7f89921fc000-7f89921ff000 ---p 00000000 00:00 0 
7f89921ff000-7f89922fd000 rw-p 00000000 00:00 0                          [stack:4474]
7f89922fd000-7f8992300000 ---p 00000000 00:00 0 
7f8992300000-7f89923fe000 rw-p 00000000 00:00 0                          [stack:4473]
7f89923fe000-7f8992401000 ---p 00000000 00:00 0 
7f8992401000-7f89926ff000 rw-p 00000000 00:00 0                          [stack:4472]
7f89926ff000-7f89928ff000 rw-p 00000000 00:00 0 
7f89928ff000-7f8992aff000 rw-p 00000000 00:00 0 
7f8992aff000-7f8992cff000 rw-p 00000000 00:00 0 
7f8992cff000-7f8992eff000 rw-p 00000000 00:00 0 
7f8992eff000-7f89930ff000 rw-p 00000000 00:00 0 
7f89930ff000-7f89932ff000 rw-p 00000000 00:00 0 
7f89932ff000-7f89934ff000 rw-p 00000000 00:00 0 
7f89934ff000-7f8993502000 ---p 00000000 00:00 0 
7f8993502000-7f8993800000 rw-p 00000000 00:00 0                          [stack:4471]
7f8993800000-7f8993a00000 rw-p 00000000 00:00 0 
7f8993a00000-7f8993c00000 rw-p 00000000 00:00 0 
7f8993c00000-7f8993e00000 rw-p 00000000 00:00 0 
7f8993e00000-7f8994000000 rw-p 00000000 00:00 0 
7f8994000000-7f8994021000 rw-p 00000000 00:00 0 
7f8994021000-7f8998000000 ---p 00000000 00:00 0 
7f899801f000-7f8998020000 rw-p 00000000 00:00 0 
7f8998020000-7f8998021000 r--s 00003000 08:03 27528161                   /home/suse/sobngwi/java/visualvm_138/profiler/lib/jfluid-server-15.jar
7f8998021000-7f8998025000 r--s 00052000 08:03 27528160                   /home/suse/sobngwi/java/visualvm_138/profiler/lib/jfluid-server.jar
7f8998025000-7f899802a000 r--s 002f8000 08:03 8390658                    /home/suse/sobngwi/java/jdk1.8.0_31/jre/lib/charsets.jar
7f899802a000-7f899802d000 ---p 00000000 00:00 0 
7f899802d000-7f899812b000 rw-p 00000000 00:00 0                          [stack:4470]
7f899812b000-7f899812e000 ---p 00000000 00:00 0 
7f899812e000-7f899822c000 rw-p 00000000 00:00 0                          [stack:4481]
7f899822c000-7f899822f000 ---p 00000000 00:00 0 
7f899822f000-7f899832d000 rw-p 00000000 00:00 0                          [stack:4482]
7f899832d000-7f899833e000 r-xp 00000000 08:03 8390861                    /home/suse/sobngwi/java/jdk1.8.0_31/jre/lib/amd64/libnio.so
7f899833e000-7f899853d000 ---p 00011000 08:03 8390861                    /home/suse/sobngwi/java/jdk1.8.0_31/jre/lib/amd64/libnio.so
7f899853d000-7f899853e000 rw-p 00010000 08:03 8390861                    /home/suse/sobngwi/java/jdk1.8.0_31/jre/lib/amd64/libnio.so
7f899853e000-7f899873e000 rw-p 00000000 00:00 0 
7f899873e000-7f8998742000 r--s 00094000 08:03 8390709                    /home/suse/sobngwi/java/jdk1.8.0_31/jre/lib/jsse.jar
7f8998742000-7f8998942000 rw-p 00000000 00:00 0 
7f8998942000-7f8998b42000 rw-p 00000000 00:00 0 
7f8998b42000-7f8998d42000 rw-p 00000000 00:00 0 
7f8998d42000-7f8998f42000 rw-p 00000000 00:00 0 
7f8998f42000-7f8998f55000 r--s 00344000 08:03 8390695                    /home/suse/sobngwi/java/jdk1.8.0_31/jre/lib/resources.jar
7f8998f55000-7f8999155000 rw-p 00000000 00:00 0 
7f8999155000-7f8999355000 rw-p 00000000 00:00 0 
7f8999355000-7f899935d000 r-xp 00000000 08:03 8390866                    /home/suse/sobngwi/java/jdk1.8.0_31/jre/lib/amd64/libmanagement.so
7f899935d000-7f899955d000 ---p 00008000 08:03 8390866                    /home/suse/sobngwi/java/jdk1.8.0_31/jre/lib/amd64/libmanagement.so
7f899955d000-7f899955e000 rw-p 00008000 08:03 8390866                    /home/suse/sobngwi/java/jdk1.8.0_31/jre/lib/amd64/libmanagement.so
7f899955e000-7f899957a000 r--s 00393000 08:03 8390713                    /home/suse/sobngwi/java/jdk1.8.0_31/jre/lib/ext/cldrdata.jar
7f899957a000-7f8999585000 r--s 00116000 08:03 8390719                    /home/suse/sobngwi/java/jdk1.8.0_31/jre/lib/ext/localedata.jar
7f8999585000-7f89995ba000 r--s 00000000 00:11 13992                      /run/nscd/dbVXXbj2 (deleted)
7f89995ba000-7f89995d0000 r-xp 00000000 08:03 8390858                    /home/suse/sobngwi/java/jdk1.8.0_31/jre/lib/amd64/libnet.so
7f89995d0000-7f89997d0000 ---p 00016000 08:03 8390858                    /home/suse/sobngwi/java/jdk1.8.0_31/jre/lib/amd64/libnet.so
7f89997d0000-7f89997d1000 rw-p 00016000 08:03 8390858                    /home/suse/sobngwi/java/jdk1.8.0_31/jre/lib/amd64/libnet.so
7f89997d1000-7f89997f7000 r--p 00000000 08:02 1188421                    /usr/share/locale/fr/LC_MESSAGES/libc.mo
7f89997f7000-7f8999803000 r--s 0006f000 08:03 26609707                   /home/suse/.m2/repository/org/springframework/spring-test/4.1.4.RELEASE/spring-test-4.1.4.RELEASE.jar
7f8999803000-7f8999805000 r--s 00009000 08:03 7735054                    /home/suse/.m2/repository/org/hamcrest/hamcrest-core/1.3/hamcrest-core-1.3.jar
7f8999805000-7f899980d000 r--s 00045000 08:03 26610402                   /home/suse/.m2/repository/junit/junit/4.12/junit-4.12.jar
7f899980d000-7f8999822000 r--s 000e1000 08:03 26740996                   /home/suse/.m2/repository/net/sf/ehcache/ehcache-core/2.4.3/ehcache-core-2.4.3.jar
7f8999822000-7f8999826000 r--s 0001e000 08:03 27788346                   /home/suse/.m2/repository/org/hibernate/hibernate-ehcache/4.3.7.Final/hibernate-ehcache-4.3.7.Final.jar
7f8999826000-7f899982c000 r--s 00033000 08:03 26739431                   /home/suse/.m2/repository/commons-codec/commons-codec/1.6/commons-codec-1.6.jar
7f899982c000-7f8999833000 r--s 0003f000 08:03 33032071                   /home/suse/.m2/repository/org/apache/httpcomponents/httpcore/4.3.3/httpcore-4.3.3.jar
7f8999833000-7f899983f000 r--s 00085000 08:03 33032068                   /home/suse/.m2/repository/org/apache/httpcomponents/httpclient/4.3.6/httpclient-4.3.6.jar
7f899983f000-7f8999847000 r--s 0005c000 08:03 29230831                   /home/suse/.m2/repository/org/springframework/security/spring-security-config/3.2.5.RELEASE/spring-security-config-3.2.5.RELEASE.jar
7f8999847000-7f8999852000 r--s 0004f000 08:03 29230828                   /home/suse/.m2/repository/org/springframework/security/spring-security-core/3.2.5.RELEASE/spring-security-core-3.2.5.RELEASE.jar
7f8999852000-7f8999854000 r--s 00000000 08:03 7735076                    /home/suse/.m2/repository/aopalliance/aopalliance/1.0/aopalliance-1.0.jar
7f8999854000-7f899985e000 r--s 0004a000 08:03 29230843                   /home/suse/.m2/repository/org/springframework/security/spring-security-web/3.2.5.RELEASE/spring-security-web-3.2.5.RELEASE.jar
7f899985e000-7f8999860000 r--s 00003000 08:03 29626426                   /home/suse/.m2/repository/com/fasterxml/jackson/datatype/jackson-datatype-hibernate4/2.4.0/jackson-datatype-hibernate4-2.4.0.jar
7f8999860000-7f8999863000 r--s 00007000 08:03 33424617                   /home/suse/.m2/repository/com/fasterxml/jackson/core/jackson-annotations/2.4.4/jackson-annotations-2.4.4.jar
7f8999863000-7f8999874000 r--s 000f6000 08:03 33424614                   /home/suse/.m2/repository/com/fasterxml/jackson/core/jackson-databind/2.4.4/jackson-databind-2.4.4.jar
7f8999874000-7f8999878000 r--s 00034000 08:03 33424611                   /home/suse/.m2/repository/com/fasterxml/jackson/core/jackson-core/2.4.4/jackson-core-2.4.4.jar
7f8999878000-7f899987a000 r--s 00004000 08:03 26610378                   /home/suse/.m2/repository/javax/xml/stream/stax-api/1.0-2/stax-api-1.0-2.jar
7f899987a000-7f899987c000 r--s 00005000 08:03 27920579                   /home/suse/.m2/repository/stax/stax-api/1.0.1/stax-api-1.0.1.jar
7f899987c000-7f899987f000 r--s 00029000 08:03 27920576                   /home/suse/.m2/repository/stax/stax/1.2.0/stax-1.2.0.jar
7f899987f000-7f8999880000 r--s 00000000 08:03 26738696                   /home/suse/.m2/repository/javax/inject/javax.inject/1/javax.inject-1.jar
7f8999880000-7f899988e000 r--s 0007f000 08:03 7735105                    /home/suse/.m2/repository/commons-collections/commons-collections/3.2.1/commons-collections-3.2.1.jar
7f899988e000-7f8999893000 r--s 00041000 08:03 26739446                   /home/suse/.m2/repository/commons-lang/commons-lang/2.6/commons-lang-2.6.jar
7f8999893000-7f8999895000 r--s 0000d000 08:03 7735298                    /home/suse/.m2/repository/commons-logging/commons-logging/1.1.1/commons-logging-1.1.1.jar
7f8999895000-7f8999898000 r--s 0000a000 08:03 27920573                   /home/suse/.m2/repository/org/codehaus/castor/castor-core/1.3.3/castor-core-1.3.3.jar
7f8999898000-7f89998a9000 r--s 000c5000 08:03 27789920                   /home/suse/.m2/repository/org/codehaus/castor/castor-xml/1.3.3/castor-xml-1.3.3.jar
7f89998a9000-7f89998b2000 r--s 0006f000 08:03 7735056                    /home/suse/.m2/repository/log4j/log4j/1.2.17/log4j-1.2.17.jar
7f89998b2000-7f89998dd000 r--s 001fc000 08:03 27266148                   /home/suse/.m2/repository/com/google/guava/guava/18.0/guava-18.0.jar
7f89998dd000-7f89998df000 r--s 0000b000 08:03 29492891                   /home/suse/.m2/repository/org/jadira/usertype/usertype.spi/3.0.0.GA/usertype.spi-3.0.0.GA.jar
7f89998df000-7f89998e1000 r--s 0000c000 08:03 28574199                   /home/suse/.m2/repository/org/joda/joda-money/0.6/joda-money-0.6.jar
7f89998e1000-7f89998e6000 r--s 0001b000 08:03 29492888                   /home/suse/.m2/repository/org/jadira/usertype/usertype.core/3.0.0.GA/usertype.core-3.0.0.GA.jar
7f89998e6000-7f89998f5000 r--s 00081000 08:03 28182717                   /home/suse/.m2/repository/joda-time/joda-time/2.5/joda-time-2.5.jar
7f89998f5000-7f8999902000 r--s 0018f000 08:03 33424652                   /home/suse/.m2/repository/com/h2database/h2/1.4.183/h2-1.4.183.jar
7f8999902000-7f8999907000 r--s 00017000 08:03 7735102                    /home/suse/.m2/repository/org/hibernate/javax/persistence/hibernate-jpa-2.1-api/1.0.0.Final/hibernate-jpa-2.1-api-1.0.0.Final.jar
7f8999907000-7f8999911000 r--s 000a5000 08:03 7735095                    /home/suse/.m2/repository/org/javassist/javassist/3.18.1-GA/javassist-3.18.1-GA.jar
7f8999911000-7f8999912000 r--s 00006000 08:03 7735086                    /home/suse/.m2/repository/org/jboss/spec/javax/transaction/jboss-transaction-api_1.2_spec/1.0.0.Final/jboss-transaction-api_1.2_spec-1.0.0.Final.jar
7f8999912000-7f8999915000 r--s 00010000 08:03 7735092                    /home/suse/.m2/repository/org/hibernate/common/hibernate-commons-annotations/4.0.5.Final/hibernate-commons-annotations-4.0.5.Final.jar
7f8999915000-7f899991a000 r--s 00016000 08:03 7735090                    /home/suse/.m2/repository/xml-apis/xml-apis/1.0.b2/xml-apis-1.0.b2.jar
7f899991a000-7f899991f000 r--s 00048000 08:03 7735088                    /home/suse/.m2/repository/dom4j/dom4j/1.6.1/dom4j-1.6.1.jar
7f899991f000-7f8999921000 r--s 00011000 08:03 7735098                    /home/suse/.m2/repository/org/jboss/jandex/1.1.0.Final/jandex-1.1.0.Final.jar
7f8999921000-7f8999926000 r--s 00068000 08:03 7735097                    /home/suse/.m2/repository/antlr/antlr/2.7.7/antlr-2.7.7.jar
7f8999926000-7f8999984000 r--s 004a9000 08:03 27788343                   /home/suse/.m2/repository/org/hibernate/hibernate-core/4.3.7.Final/hibernate-core-4.3.7.Final.jar
7f8999984000-7f8999985000 r--s 00002000 08:03 7735085                    /home/suse/.m2/repository/org/jboss/logging/jboss-logging-annotations/1.2.0.Beta1/jboss-logging-annotations-1.2.0.Beta1.jar
7f8999985000-7f8999987000 r--s 0000c000 08:03 7735083                    /home/suse/.m2/repository/org/jboss/logging/jboss-logging/3.1.3.GA/jboss-logging-3.1.3.GA.jar
7f8999987000-7f8999995000 r--s 00091000 08:03 27788338                   /home/suse/.m2/repository/org/hibernate/hibernate-entitymanager/4.3.7.Final/hibernate-entitymanager-4.3.7.Final.jar
7f8999995000-7f8999998000 r--s 00012000 08:03 27003065                   /home/suse/.m2/repository/org/springframework/spring-oxm/4.1.4.RELEASE/spring-oxm-4.1.4.RELEASE.jar
7f8999998000-7f89999a7000 r--s 000b0000 08:03 26609680                   /home/suse/.m2/repository/org/springframework/spring-webmvc/4.1.4.RELEASE/spring-webmvc-4.1.4.RELEASE.jar
7f89999a7000-7f89999b7000 r--s 0009f000 08:03 26609701                   /home/suse/.m2/repository/org/springframework/spring-web/4.1.4.RELEASE/spring-web-4.1.4.RELEASE.jar
7f89999b7000-7f89999be000 r--s 00037000 08:03 26609704                   /home/suse/.m2/repository/org/springframework/spring-tx/4.1.4.RELEASE/spring-tx-4.1.4.RELEASE.jar
7f89999be000-7f89999c8000 r--s 0005f000 08:03 26739568                   /home/suse/.m2/repository/org/springframework/spring-jdbc/4.1.4.RELEASE/spring-jdbc-4.1.4.RELEASE.jar
7f89999c8000-7f89999d0000 r--s 00054000 08:03 26739565                   /home/suse/.m2/repository/org/springframework/spring-orm/4.1.4.RELEASE/spring-orm-4.1.4.RELEASE.jar
7f89999d0000-7f89999d2000 r--s 00003000 08:03 27790124                   /home/suse/.m2/repository/org/slf4j/jcl-over-slf4j/1.7.8/jcl-over-slf4j-1.7.8.jar
7f89999d2000-7f89999d3000 r--s 00007000 08:03 27528396                   /home/suse/.m2/repository/org/slf4j/slf4j-api/1.7.8/slf4j-api-1.7.8.jar
7f89999d3000-7f89999d7000 r--s 00019000 08:03 29230900                   /home/suse/.m2/repository/org/aspectj/aspectjrt/1.8.4/aspectjrt-1.8.4.jar
7f89999d7000-7f89999e4000 r--s 0006d000 08:03 29230855                   /home/suse/.m2/repository/org/springframework/data/spring-data-commons/1.9.1.RELEASE/spring-data-commons-1.9.1.RELEASE.jar
7f89999e4000-7f89999ea000 r--s 00030000 08:03 29231303                   /home/suse/.m2/repository/org/springframework/data/spring-data-jpa/1.7.1.RELEASE/spring-data-jpa-1.7.1.RELEASE.jar
7f89999ea000-7f89999ef000 r--s 0003b000 08:03 26609698                   /home/suse/.m2/repository/org/springframework/spring-expression/4.1.4.RELEASE/spring-expression-4.1.4.RELEASE.jar
7f89999ef000-7f89999fc000 r--s 000a0000 08:03 26609683                   /home/suse/.m2/repository/org/springframework/spring-beans/4.1.4.RELEASE/spring-beans-4.1.4.RELEASE.jar
7f89999fc000-7f8999a05000 r--s 0004f000 08:03 26609689                   /home/suse/.m2/repository/org/springframework/spring-aop/4.1.4.RELEASE/spring-aop-4.1.4.RELEASE.jar
7f8999a05000-7f8999a1d000 r--s 000e3000 08:03 26609686                   /home/suse/.m2/repository/org/springframework/spring-context/4.1.4.RELEASE/spring-context-4.1.4.RELEASE.jar
7f8999a1d000-7f8999a1f000 r--s 00026000 08:03 29626281                   /home/suse/.m2/repository/org/ajar/swagger-spring-mvc-ui/0.1/swagger-spring-mvc-ui-0.1.jar
7f8999a1f000-7f8999a23000 r--s 0000f000 08:03 33032514                   /home/suse/.m2/repository/com/google/code/findbugs/annotations/2.0.1/annotations-2.0.1.jar
7f8999a23000-7f8999a26000 r--s 00020000 08:03 33032511                   /home/suse/.m2/repository/org/reflections/reflections/0.9.9/reflections-0.9.9.jar
7f8999a26000-7f8999a28000 r--s 0000a000 08:03 26611163                   /home/suse/.m2/repository/javax/ws/rs/jsr311-api/1.1.1/jsr311-api-1.1.1.jar
7f8999a28000-7f8999a9a000 r--s 0065a000 08:03 33032508                   /home/suse/.m2/repository/org/scala-lang/scala-library/2.10.4/scala-library-2.10.4.jar
7f8999a9a000-7f8999a9e000 r--s 00024000 08:03 33032505                   /home/suse/.m2/repository/com/wordnik/swagger-jaxrs_2.10/1.3.12/swagger-jaxrs_2.10-1.3.12.jar
7f8999a9e000-7f8999aa0000 r--s 0000d000 08:03 28181241                   /home/suse/.m2/repository/com/fasterxml/classmate/1.0.0/classmate-1.0.0.jar
7f8999aa0000-7f8999aa6000 r--s 0004b000 08:03 29626294                   /home/suse/.m2/repository/cglib/cglib-nodep/3.1/cglib-nodep-3.1.jar
7f8999aa6000-7f8999aa9000 r--s 0000c000 08:03 29626292                   /home/suse/.m2/repository/com/mangofactory/swagger/swagger-models/0.8.8/swagger-models-0.8.8.jar
7f8999aa9000-7f8999aaa000 r--s 0000a000 08:03 26609739                   /home/suse/.m2/repository/asm/asm/3.1/asm-3.1.jar
7f8999aaa000-7f8999ab1000 r--s 0003e000 08:03 29361579                   /home/suse/.m2/repository/cglib/cglib/2.2/cglib-2.2.jar
7f8999ab1000-7f8999ab2000 r--s 00009000 08:03 29626354                   /home/suse/.m2/repository/org/json4s/json4s-jackson_2.10/3.2.5/json4s-jackson_2.10-3.2.5.jar
7f8999ab2000-7f8999ad3000 rw-p 00000000 00:00 0 
7f8999ad3000-7f8999bc6000 r--s 00c8c000 08:03 26611157                   /home/suse/.m2/repository/org/scala-lang/scala-compiler/2.10.0/scala-compiler-2.10.0.jar
7f8999bc6000-7f8999bd9000 r--s 000be000 08:03 26611154                   /home/suse/.m2/repository/org/scala-lang/scalap/2.10.0/scalap-2.10.0.jar
7f8999bd9000-7f8999bdc000 r--s 00013000 08:03 29493193                   /home/suse/.m2/repository/org/json4s/json4s-ast_2.10/3.2.5/json4s-ast_2.10-3.2.5.jar
7f8999bdc000-7f8999be6000 r--s 00084000 08:03 29493191                   /home/suse/.m2/repository/org/json4s/json4s-core_2.10/3.2.5/json4s-core_2.10-3.2.5.jar
7f8999be6000-7f8999be8000 r--s 0000f000 08:03 29493189                   /home/suse/.m2/repository/org/json4s/json4s-native_2.10/3.2.5/json4s-native_2.10-3.2.5.jar
7f8999be8000-7f8999bea000 r--s 00008000 08:03 26611142                   /home/suse/.m2/repository/org/joda/joda-convert/1.2/joda-convert-1.2.jar
7f8999bea000-7f8999c1d000 r--s 002ce000 08:03 26611118                   /home/suse/.m2/repository/org/scala-lang/scala-reflect/2.10.0/scala-reflect-2.10.0.jar
7f8999c1d000-7f8999c39000 r--s 000e9000 08:03 26611106                   /home/suse/.m2/repository/com/fasterxml/jackson/module/jackson-module-scala_2.10/2.1.5/jackson-module-scala_2.10-2.1.5.jar
7f8999c39000-7f8999c4b000 r--s 00093000 08:03 29493183                   /home/suse/.m2/repository/com/wordnik/swagger-core_2.10/1.3.5/swagger-core_2.10-1.3.5.jar
7f8999c4b000-7f8999c4c000 ---p 00000000 00:00 0 
7f8999c4c000-7f8999d4c000 rw-p 00000000 00:00 0                          [stack:4415]
7f8999d4c000-7f8999d4f000 ---p 00000000 00:00 0 
7f8999d4f000-7f8999e4d000 rw-p 00000000 00:00 0                          [stack:4414]
7f8999e4d000-7f8999e50000 ---p 00000000 00:00 0 
7f8999e50000-7f8999f4e000 rw-p 00000000 00:00 0                          [stack:4413]
7f8999f4e000-7f8999f51000 ---p 00000000 00:00 0 
7f8999f51000-7f899a04f000 rw-p 00000000 00:00 0                          [stack:4412]
7f899a04f000-7f899a052000 ---p 00000000 00:00 0 
7f899a052000-7f899c000000 rw-p 00000000 00:00 0                          [stack:4411]
7f899c000000-7f899c021000 rw-p 00000000 00:00 0 
7f899c021000-7f89a0000000 ---p 00000000 00:00 0 
7f89a0000000-7f89a0003000 r--s 00010000 08:03 29493187                   /home/suse/.m2/repository/org/json4s/json4s-ext_2.10/3.2.5/json4s-ext_2.10-3.2.5.jar
7f89a0003000-7f89a0004000 r--s 00001000 08:03 29493185                   /home/suse/.m2/repository/com/wordnik/swagger-annotations/1.3.5/swagger-annotations-1.3.5.jar
7f89a0004000-7f89a0006000 r--s 00005000 08:03 26611127                   /home/suse/.m2/repository/com/fasterxml/jackson/jaxrs/jackson-jaxrs-json-provider/2.0.0/jackson-jaxrs-json-provider-2.0.0.jar
7f89a0006000-7f89a0009000 r--s 0000a000 08:03 26611124                   /home/suse/.m2/repository/com/fasterxml/jackson/module/jackson-module-jsonSchema/2.1.0/jackson-module-jsonSchema-2.1.0.jar
7f89a0009000-7f89a000b000 r--s 00006000 08:03 26611115                   /home/suse/.m2/repository/com/thoughtworks/paranamer/paranamer/2.3/paranamer-2.3.jar
7f89a000b000-7f89a000f000 r--s 0001c000 08:03 29493180                   /home/suse/.m2/repository/com/mangofactory/swagger-springmvc/0.8.8/swagger-springmvc-0.8.8.jar
7f89a000f000-7f89a0017000 r--s 0003a000 08:03 33032065                   /home/suse/.m2/repository/org/springframework/boot/spring-boot-actuator/1.2.1.RELEASE/spring-boot-actuator-1.2.1.RELEASE.jar
7f89a0017000-7f89a002b000 r--s 000e2000 08:03 26609692                   /home/suse/.m2/repository/org/springframework/spring-core/4.1.4.RELEASE/spring-core-4.1.4.RELEASE.jar
7f89a002b000-7f89a002f000 r--s 0000c000 08:03 27919038                   /home/suse/.m2/repository/javax/validation/validation-api/1.1.0.Final/validation-api-1.1.0.Final.jar
7f89a002f000-7f89a003d000 r--s 0008d000 08:03 28181228                   /home/suse/.m2/repository/org/hibernate/hibernate-validator/5.1.3.Final/hibernate-validator-5.1.3.Final.jar
7f89a003d000-7f89a0042000 r--s 00034000 08:03 33032059                   /home/suse/.m2/repository/org/apache/tomcat/embed/tomcat-embed-websocket/8.0.15/tomcat-embed-websocket-8.0.15.jar
7f89a0042000-7f89a0049000 r--s 0003d000 08:03 33032044                   /home/suse/.m2/repository/org/yaml/snakeyaml/1.14/snakeyaml-1.14.jar
7f89a0049000-7f89a0053000 r--s 0005f000 08:03 26609614                   /home/suse/.m2/repository/ch/qos/logback/logback-core/1.1.2/logback-core-1.1.2.jar
7f89a0053000-7f89a0059000 r--s 0003d000 08:03 26609611                   /home/suse/.m2/repository/ch/qos/logback/logback-classic/1.1.2/logback-classic-1.1.2.jar
7f89a0059000-7f89a0068000 r--s 00064000 08:03 33032038                   /home/suse/.m2/repository/org/springframework/boot/spring-boot-autoconfigure/1.2.1.RELEASE/spring-boot-autoconfigure-1.2.1.RELEASE.jar
7f89a0068000-7f89a0072000 r--s 0005c000 08:03 33032035                   /home/suse/.m2/repository/org/springframework/boot/spring-boot/1.2.1.RELEASE/spring-boot-1.2.1.RELEASE.jar
7f89a0072000-7f89a008b000 r--s 001ae000 08:03 26869822                   /home/suse/.m2/repository/org/aspectj/aspectjweaver/1.8.4/aspectjweaver-1.8.4.jar
7f89a008b000-7f89a009d000 r--s 00220000 08:03 28968491                   /home/suse/.m2/repository/org/eclipse/jdt/core/compiler/ecj/4.4/ecj-4.4.jar
7f89a009d000-7f89a00c2000 r--s 0028d000 08:03 33032050                   /home/suse/.m2/repository/org/apache/tomcat/embed/tomcat-embed-core/8.0.15/tomcat-embed-core-8.0.15.jar
7f89a00c2000-7f89a00c5000 ---p 00000000 00:00 0 
7f89a00c5000-7f89a01c3000 rw-p 00000000 00:00 0                          [stack:4410]
7f89a01c3000-7f89a02f3000 r--p 00000000 08:02 656916                     /usr/lib/locale/fr_FR.utf8/LC_COLLATE
7f89a02f3000-7f89a02f6000 ---p 00000000 00:00 0 
7f89a02f6000-7f89a03f4000 rw-p 00000000 00:00 0                          [stack:4409]
7f89a03f4000-7f89a03f7000 ---p 00000000 00:00 0 
7f89a03f7000-7f89a04f5000 rw-p 00000000 00:00 0                          [stack:4408]
7f89a04f5000-7f89a04f6000 ---p 00000000 00:00 0 
7f89a04f6000-7f89a1000000 rw-p 00000000 00:00 0                          [stack:4407]
7f89a1000000-7f89a24b0000 rwxp 00000000 00:00 0 
7f89a24b0000-7f89b0000000 ---p 00000000 00:00 0 
7f89b0000000-7f89b128d000 rw-p 00000000 00:00 0 
7f89b128d000-7f89b4000000 ---p 00000000 00:00 0 
7f89b4000000-7f89b4001000 r--s 00007000 08:03 26611130                   /home/suse/.m2/repository/com/fasterxml/jackson/module/jackson-module-jaxb-annotations/2.0.0/jackson-module-jaxb-annotations-2.0.0.jar
7f89b4001000-7f89b4002000 r--s 00000000 08:03 33032062                   /home/suse/.m2/repository/org/springframework/boot/spring-boot-starter-actuator/1.2.1.RELEASE/spring-boot-starter-actuator-1.2.1.RELEASE.jar
7f89b4002000-7f89b4004000 r--s 00009000 08:03 33032056                   /home/suse/.m2/repository/org/apache/tomcat/embed/tomcat-embed-logging-juli/8.0.15/tomcat-embed-logging-juli-8.0.15.jar
7f89b4004000-7f89b4005000 r--s 00000000 08:03 33032047                   /home/suse/.m2/repository/org/springframework/boot/spring-boot-starter-tomcat/1.2.1.RELEASE/spring-boot-starter-tomcat-1.2.1.RELEASE.jar
7f89b4005000-7f89b4006000 r--s 00005000 08:03 27920702                   /home/suse/.m2/repository/org/slf4j/log4j-over-slf4j/1.7.8/log4j-over-slf4j-1.7.8.jar
7f89b4006000-7f89b4008000 r--s 00000000 08:03 28313215                   /home/suse/.m2/repository/org/slf4j/jul-to-slf4j/1.7.8/jul-to-slf4j-1.7.8.jar
7f89b4008000-7f89b4009000 r--s 00000000 08:03 33032041                   /home/suse/.m2/repository/org/springframework/boot/spring-boot-starter-logging/1.2.1.RELEASE/spring-boot-starter-logging-1.2.1.RELEASE.jar
7f89b4009000-7f89b4012000 r--s 00094000 08:03 28839936                   /home/suse/.m2/repository/org/apache/tomcat/embed/tomcat-embed-jasper/8.0.15/tomcat-embed-jasper-8.0.15.jar
7f89b4012000-7f89b4051000 r--p 00000000 08:02 656917                     /usr/lib/locale/fr_FR.utf8/LC_CTYPE
7f89b4051000-7f89b4608000 rw-p 00000000 00:00 0 
7f89b4608000-7f89b47de000 r--s 03cae000 08:03 8390660                    /home/suse/sobngwi/java/jdk1.8.0_31/jre/lib/rt.jar
7f89b47de000-7f89b523f000 rw-p 00000000 00:00 0 
7f89b523f000-7f89b5240000 ---p 00000000 00:00 0 
7f89b5240000-7f89b5340000 rw-p 00000000 00:00 0                          [stack:4406]
7f89b5340000-7f89b5341000 ---p 00000000 00:00 0 
7f89b5341000-7f89b5441000 rw-p 00000000 00:00 0                          [stack:4405]
7f89b5441000-7f89b5442000 ---p 00000000 00:00 0 
7f89b5442000-7f89b5542000 rw-p 00000000 00:00 0                          [stack:4404]
7f89b5542000-7f89b5543000 ---p 00000000 00:00 0 
7f89b5543000-7f89b5693000 rw-p 00000000 00:00 0                          [stack:4403]
7f89b5693000-7f89b578b000 ---p 00000000 00:00 0 
7f89b578b000-7f89b57db000 rw-p 00000000 00:00 0 
7f89b57db000-7f89b58d2000 ---p 00000000 00:00 0 
7f89b58d2000-7f89b5976000 rw-p 00000000 00:00 0 
7f89b5976000-7f89b59ca000 rw-p 00000000 00:00 0 
7f89b59ca000-7f89b5d37000 ---p 00000000 00:00 0 
7f89b5d37000-7f89b5d51000 r-xp 00000000 08:03 8390854                    /home/suse/sobngwi/java/jdk1.8.0_31/jre/lib/amd64/libzip.so
7f89b5d51000-7f89b5f51000 ---p 0001a000 08:03 8390854                    /home/suse/sobngwi/java/jdk1.8.0_31/jre/lib/amd64/libzip.so
7f89b5f51000-7f89b5f52000 rw-p 0001a000 08:03 8390854                    /home/suse/sobngwi/java/jdk1.8.0_31/jre/lib/amd64/libzip.so
7f89b5f52000-7f89b5f7c000 r-xp 00000000 08:03 8390849                    /home/suse/sobngwi/java/jdk1.8.0_31/jre/lib/amd64/libjava.so
7f89b5f7c000-7f89b617c000 ---p 0002a000 08:03 8390849                    /home/suse/sobngwi/java/jdk1.8.0_31/jre/lib/amd64/libjava.so
7f89b617c000-7f89b617e000 rw-p 0002a000 08:03 8390849                    /home/suse/sobngwi/java/jdk1.8.0_31/jre/lib/amd64/libjava.so
7f89b617e000-7f89b618b000 r-xp 00000000 08:03 8390853                    /home/suse/sobngwi/java/jdk1.8.0_31/jre/lib/amd64/libverify.so
7f89b618b000-7f89b638b000 ---p 0000d000 08:03 8390853                    /home/suse/sobngwi/java/jdk1.8.0_31/jre/lib/amd64/libverify.so
7f89b638b000-7f89b638d000 rw-p 0000d000 08:03 8390853                    /home/suse/sobngwi/java/jdk1.8.0_31/jre/lib/amd64/libverify.so
7f89b638d000-7f89b6394000 r-xp 00000000 08:02 158387                     /lib64/librt-2.19.so
7f89b6394000-7f89b6593000 ---p 00007000 08:02 158387                     /lib64/librt-2.19.so
7f89b6593000-7f89b6594000 r--p 00006000 08:02 158387                     /lib64/librt-2.19.so
7f89b6594000-7f89b6595000 rw-p 00007000 08:02 158387                     /lib64/librt-2.19.so
7f89b6595000-7f89b6695000 r-xp 00000000 08:02 158367                     /lib64/libm-2.19.so
7f89b6695000-7f89b6894000 ---p 00100000 08:02 158367                     /lib64/libm-2.19.so
7f89b6894000-7f89b6895000 r--p 000ff000 08:02 158367                     /lib64/libm-2.19.so
7f89b6895000-7f89b6896000 rw-p 00100000 08:02 158367                     /lib64/libm-2.19.so
7f89b6896000-7f89b7504000 r-xp 00000000 08:03 8390835                    /home/suse/sobngwi/java/jdk1.8.0_31/jre/lib/amd64/server/libjvm.so
7f89b7504000-7f89b7703000 ---p 00c6e000 08:03 8390835                    /home/suse/sobngwi/java/jdk1.8.0_31/jre/lib/amd64/server/libjvm.so
7f89b7703000-7f89b77d9000 rw-p 00c6d000 08:03 8390835                    /home/suse/sobngwi/java/jdk1.8.0_31/jre/lib/amd64/server/libjvm.so
7f89b77d9000-7f89b781c000 rw-p 00000000 00:00 0 
7f89b781c000-7f89b79ba000 r-xp 00000000 08:02 131382                     /lib64/libc-2.19.so
7f89b79ba000-7f89b7bba000 ---p 0019e000 08:02 131382                     /lib64/libc-2.19.so
7f89b7bba000-7f89b7bbe000 r--p 0019e000 08:02 131382                     /lib64/libc-2.19.so
7f89b7bbe000-7f89b7bc0000 rw-p 001a2000 08:02 131382                     /lib64/libc-2.19.so
7f89b7bc0000-7f89b7bc4000 rw-p 00000000 00:00 0 
7f89b7bc4000-7f89b7bc7000 r-xp 00000000 08:02 158365                     /lib64/libdl-2.19.so
7f89b7bc7000-7f89b7dc6000 ---p 00003000 08:02 158365                     /lib64/libdl-2.19.so
7f89b7dc6000-7f89b7dc7000 r--p 00002000 08:02 158365                     /lib64/libdl-2.19.so
7f89b7dc7000-7f89b7dc8000 rw-p 00003000 08:02 158365                     /lib64/libdl-2.19.so
7f89b7dc8000-7f89b7ddd000 r-xp 00000000 08:03 8390476                    /home/suse/sobngwi/java/jdk1.8.0_31/lib/amd64/jli/libjli.so
7f89b7ddd000-7f89b7fdc000 ---p 00015000 08:03 8390476                    /home/suse/sobngwi/java/jdk1.8.0_31/lib/amd64/jli/libjli.so
7f89b7fdc000-7f89b7fdd000 rw-p 00014000 08:03 8390476                    /home/suse/sobngwi/java/jdk1.8.0_31/lib/amd64/jli/libjli.so
7f89b7fdd000-7f89b7ff5000 r-xp 00000000 08:02 131348                     /lib64/libpthread-2.19.so
7f89b7ff5000-7f89b81f4000 ---p 00018000 08:02 131348                     /lib64/libpthread-2.19.so
7f89b81f4000-7f89b81f5000 r--p 00017000 08:02 131348                     /lib64/libpthread-2.19.so
7f89b81f5000-7f89b81f6000 rw-p 00018000 08:02 131348                     /lib64/libpthread-2.19.so
7f89b81f6000-7f89b81fa000 rw-p 00000000 00:00 0 
7f89b81fa000-7f89b821a000 r-xp 00000000 08:02 140394                     /lib64/ld-2.19.so
7f89b821a000-7f89b821b000 r--s 00000000 08:03 33032032                   /home/suse/.m2/repository/org/springframework/boot/spring-boot-starter/1.2.1.RELEASE/spring-boot-starter-1.2.1.RELEASE.jar
7f89b821b000-7f89b821c000 r--s 00000000 08:03 33032029                   /home/suse/.m2/repository/org/springframework/boot/spring-boot-starter-web/1.2.1.RELEASE/spring-boot-starter-web-1.2.1.RELEASE.jar
7f89b821c000-7f89b8220000 r--s 00036000 08:03 33032053                   /home/suse/.m2/repository/org/apache/tomcat/embed/tomcat-embed-el/8.0.15/tomcat-embed-el-8.0.15.jar
7f89b8220000-7f89b8221000 r--p 00000000 08:02 533321                     /usr/lib/locale/fr_FR.utf8/LC_NUMERIC
7f89b8221000-7f89b8222000 r--p 00000000 08:02 531689                     /usr/lib/locale/fr_FR.utf8/LC_TIME
7f89b8222000-7f89b8223000 r--p 00000000 08:02 533318                     /usr/lib/locale/fr_FR.utf8/LC_MONETARY
7f89b8223000-7f89b8224000 r--p 00000000 08:02 533317                     /usr/lib/locale/fr_FR.utf8/LC_MESSAGES/SYS_LC_MESSAGES
7f89b8224000-7f89b8225000 r--p 00000000 08:02 666192                     /usr/lib/locale/fr_FR.utf8/LC_PAPER
7f89b8225000-7f89b8226000 r--p 00000000 08:02 656934                     /usr/lib/locale/fr_FR.utf8/LC_NAME
7f89b8226000-7f89b82eb000 rw-p 00000000 00:00 0 
7f89b82eb000-7f89b82ee000 ---p 00000000 00:00 0 
7f89b82ee000-7f89b83f0000 rw-p 00000000 00:00 0                          [stack:4402]
7f89b83f0000-7f89b83f1000 r--p 00000000 08:02 531686                     /usr/lib/locale/fr_FR.utf8/LC_ADDRESS
7f89b83f1000-7f89b83f2000 r--p 00000000 08:02 533322                     /usr/lib/locale/fr_FR.utf8/LC_TELEPHONE
7f89b83f2000-7f89b83f3000 r--p 00000000 08:02 666191                     /usr/lib/locale/fr_FR.utf8/LC_MEASUREMENT
7f89b83f3000-7f89b83fa000 r--s 00000000 08:02 9786                       /usr/lib64/gconv/gconv-modules.cache
7f89b83fa000-7f89b83fb000 r--p 00000000 08:02 531687                     /usr/lib/locale/fr_FR.utf8/LC_IDENTIFICATION
7f89b83fb000-7f89b840f000 rw-p 00000000 00:00 0 
7f89b840f000-7f89b8417000 rw-s 00000000 08:02 1058706                    /tmp/hsperfdata_suse/4396
7f89b8417000-7f89b8418000 rw-p 00000000 00:00 0 
7f89b8418000-7f89b8419000 ---p 00000000 00:00 0 
7f89b8419000-7f89b841a000 rw-p 00000000 00:00 0 
7f89b841a000-7f89b841b000 r--p 00020000 08:02 140394                     /lib64/ld-2.19.so
7f89b841b000-7f89b841c000 rw-p 00021000 08:02 140394                     /lib64/ld-2.19.so
7f89b841c000-7f89b841d000 rw-p 00000000 00:00 0 
7fff68f02000-7fff68f26000 rw-p 00000000 00:00 0                          [stack]
7fff68f2f000-7fff68f31000 r-xp 00000000 00:00 0                          [vdso]
7fff68f31000-7fff68f33000 r--p 00000000 00:00 0                          [vvar]
ffffffffff600000-ffffffffff601000 r-xp 00000000 00:00 0                  [vsyscall]

VM Arguments:
jvm_args: -Dfile.encoding=UTF-8 
java_command: org.sobngwi.swagger.Application
java_class_path (initial): /home/suse/sobngwi/eclipse/sts/sts-bundle/sts-3.6.3.RELEASE/projects/rest-swagger-aso-1.5.Final/target/classes:/home/suse/.m2/repository/org/apache/tomcat/embed/tomcat-embed-jasper/8.0.15/tomcat-embed-jasper-8.0.15.jar:/home/suse/.m2/repository/org/apache/tomcat/embed/tomcat-embed-core/8.0.15/tomcat-embed-core-8.0.15.jar:/home/suse/.m2/repository/org/apache/tomcat/embed/tomcat-embed-el/8.0.15/tomcat-embed-el-8.0.15.jar:/home/suse/.m2/repository/org/eclipse/jdt/core/compiler/ecj/4.4/ecj-4.4.jar:/home/suse/.m2/repository/org/aspectj/aspectjweaver/1.8.4/aspectjweaver-1.8.4.jar:/home/suse/.m2/repository/org/springframework/boot/spring-boot-starter-web/1.2.1.RELEASE/spring-boot-starter-web-1.2.1.RELEASE.jar:/home/suse/.m2/repository/org/springframework/boot/spring-boot-starter/1.2.1.RELEASE/spring-boot-starter-1.2.1.RELEASE.jar:/home/suse/.m2/repository/org/springframework/boot/spring-boot/1.2.1.RELEASE/spring-boot-1.2.1.RELEASE.jar:/home/suse/.m2/repository/org/springframework/boot/spring-boot-autoconfigure/1.2.1.RELEASE/spring-boot-autoconfigure-1.2.1.RELEASE.jar:/home/suse/.m2/repository/org/springframework/boot/spring-boot-starter-logging/1.2.1.RELEASE/spring-boot-starter-logging-1.2.1.RELEASE.jar:/home/suse/.m2/repository/org/slf4j/jul-to-slf4j/1.7.8/jul-to-slf4j-1.7.8.jar:/home/suse/.m2/repository/org/slf4j/log4j-over-slf4j/1.7.8/log4j-over-slf4j-1.7.8.jar:/home/suse/.m2/repository/ch/qos/logback/logback-classic/1.1.2/logback-classic-1.1.2.jar:/home/suse/.m2/repository/ch/qos/logback/logback-core/1.1.2/logback-core-1.1.2.jar:/home/suse/.m2/repository/org/yaml/snakeyaml/1.14/snakeyaml-1.14.jar:/home/suse/.m2/repository/org/springframework/boot/spring-boot-starter-tomcat/1.2.1.RELEASE/spring-boot-starter-tomcat-1.2.1.RELEASE.jar:/home/suse/.m2/repository/org/apache/tomcat/embed/tomcat-embed-logging-juli/8.0.15/tomcat-embed-logging-juli-8.0.15.jar:/home/suse/.m2/repository/org/apache/tomcat/embed/tomcat-embed-websocket/8.0.15/tomcat-embed-
Launcher Type: SUN_STANDARD

Environment Variables:
JAVA_HOME=/home/suse/sobngwi/java/jdk1.8.0_31
JRE_HOME=/usr/lib64/jvm/jre
PATH=/u01/app/oracle/product/11.2.0/xe/bin:/home/suse/sobngwi/java/jdk1.8.0_31/bin:/home/suse/sobngwi/java/apache-maven-3.2.5/bin:/home/suse/sobngwi/java/spring-roo-1.3.1.RC1/bin:/home/suse/bin:/usr/local/bin:/usr/bin:/bin:/usr/bin/X11:/usr/games:/home/suse/sobngwi/tomcat/bin
SHELL=/bin/bash
DISPLAY=:0
HOSTTYPE=x86_64
OSTYPE=linux
MACHTYPE=x86_64-suse-linux

Signal Handlers:
SIGSEGV: [libjvm.so+0xa7a650], sa_mask[0]=11111111011111111101111111111110, sa_flags=SA_RESTART|SA_SIGINFO
SIGBUS: [libjvm.so+0xa7a650], sa_mask[0]=11111111011111111101111111111110, sa_flags=SA_RESTART|SA_SIGINFO
SIGFPE: [libjvm.so+0x8e28f0], sa_mask[0]=11111111011111111101111111111110, sa_flags=SA_RESTART|SA_SIGINFO
SIGPIPE: [libjvm.so+0x8e28f0], sa_mask[0]=11111111011111111101111111111110, sa_flags=SA_RESTART|SA_SIGINFO
SIGXFSZ: [libjvm.so+0x8e28f0], sa_mask[0]=11111111011111111101111111111110, sa_flags=SA_RESTART|SA_SIGINFO
SIGILL: [libjvm.so+0x8e28f0], sa_mask[0]=11111111011111111101111111111110, sa_flags=SA_RESTART|SA_SIGINFO
SIGUSR1: SIG_DFL, sa_mask[0]=00000000000000000000000000000000, sa_flags=none
SIGUSR2: [libjvm.so+0x8e4120], sa_mask[0]=00100000000000000000000000000000, sa_flags=SA_RESTART|SA_SIGINFO
SIGHUP: [libjvm.so+0x8e54e0], sa_mask[0]=11111111011111111101111111111110, sa_flags=SA_RESTART|SA_SIGINFO
SIGINT: [libjvm.so+0x8e54e0], sa_mask[0]=11111111011111111101111111111110, sa_flags=SA_RESTART|SA_SIGINFO
SIGTERM: [libjvm.so+0x8e54e0], sa_mask[0]=11111111011111111101111111111110, sa_flags=SA_RESTART|SA_SIGINFO
SIGQUIT: [libjvm.so+0x8e54e0], sa_mask[0]=11111111011111111101111111111110, sa_flags=SA_RESTART|SA_SIGINFO


---------------  S Y S T E M  ---------------

OS:openSUSE 13.2 (x86_64)
VERSION = 13.2
CODENAME = Harlequin
# /etc/SuSE-release is deprecated and will be removed in the future, use /etc/os-release instead

uname:Linux 3.16.6-2-desktop #1 SMP PREEMPT Mon Oct 20 13:47:22 UTC 2014 (feb42ea) x86_64
libc:glibc 2.19 NPTL 2.19 
rlimit: STACK 8192k, CORE 0k, NPROC 15620, NOFILE 4096, AS infinity
load average:0,23 0,33 0,38

/proc/meminfo:
MemTotal:        4014512 kB
MemFree:          123248 kB
MemAvailable:     133488 kB
Buffers:            2604 kB
Cached:           132572 kB
SwapCached:       115516 kB
Active:          2542356 kB
Inactive:         773560 kB
Active(anon):    2462036 kB
Inactive(anon):   732440 kB
Active(file):      80320 kB
Inactive(file):    41120 kB
Unevictable:          80 kB
Mlocked:              80 kB
SwapTotal:       4200444 kB
SwapFree:        2537248 kB
Dirty:                 0 kB
Writeback:             0 kB
AnonPages:       3154576 kB
Mapped:            80452 kB
Shmem:             13736 kB
Slab:             144276 kB
SReclaimable:      67980 kB
SUnreclaim:        76296 kB
KernelStack:        8544 kB
PageTables:        46472 kB
NFS_Unstable:          0 kB
Bounce:                0 kB
WritebackTmp:          0 kB
CommitLimit:     6207700 kB
Committed_AS:    7141676 kB
VmallocTotal:   34359738367 kB
VmallocUsed:      137976 kB
VmallocChunk:   34359588604 kB
HardwareCorrupted:     0 kB
AnonHugePages:   1333248 kB
HugePages_Total:       0
HugePages_Free:        0
HugePages_Rsvd:        0
HugePages_Surp:        0
Hugepagesize:       2048 kB
DirectMap4k:      597452 kB
DirectMap2M:     3557376 kB


CPU:total 4 (4 cores per cpu, 1 threads per core) family 6 model 58 stepping 9, cmov, cx8, fxsr, mmx, sse, sse2, sse3, ssse3, sse4.1, sse4.2, popcnt, avx, aes, clmul, erms, tsc, tscinvbit, tscinv

/proc/cpuinfo:
processor	: 0
vendor_id	: GenuineIntel
cpu family	: 6
model		: 58
model name	: Intel(R) Core(TM) i5-3330 CPU @ 3.00GHz
stepping	: 9
microcode	: 0x15
cpu MHz		: 2836.171
cache size	: 6144 KB
physical id	: 0
siblings	: 4
core id		: 0
cpu cores	: 4
apicid		: 0
initial apicid	: 0
fpu		: yes
fpu_exception	: yes
cpuid level	: 13
wp		: yes
flags		: fpu vme de pse tsc msr pae mce cx8 apic sep mtrr pge mca cmov pat pse36 clflush dts acpi mmx fxsr sse sse2 ss ht tm pbe syscall nx rdtscp lm constant_tsc arch_perfmon pebs bts rep_good nopl xtopology nonstop_tsc aperfmperf eagerfpu pni pclmulqdq dtes64 monitor ds_cpl vmx est tm2 ssse3 cx16 xtpr pdcm pcid sse4_1 sse4_2 x2apic popcnt tsc_deadline_timer aes xsave avx f16c rdrand lahf_lm ida arat epb xsaveopt pln pts dtherm tpr_shadow vnmi flexpriority ept vpid fsgsbase smep erms
bogomips	: 6005.26
clflush size	: 64
cache_alignment	: 64
address sizes	: 36 bits physical, 48 bits virtual
power management:

processor	: 1
vendor_id	: GenuineIntel
cpu family	: 6
model		: 58
model name	: Intel(R) Core(TM) i5-3330 CPU @ 3.00GHz
stepping	: 9
microcode	: 0x15
cpu MHz		: 2752.382
cache size	: 6144 KB
physical id	: 0
siblings	: 4
core id		: 1
cpu cores	: 4
apicid		: 2
initial apicid	: 2
fpu		: yes
fpu_exception	: yes
cpuid level	: 13
wp		: yes
flags		: fpu vme de pse tsc msr pae mce cx8 apic sep mtrr pge mca cmov pat pse36 clflush dts acpi mmx fxsr sse sse2 ss ht tm pbe syscall nx rdtscp lm constant_tsc arch_perfmon pebs bts rep_good nopl xtopology nonstop_tsc aperfmperf eagerfpu pni pclmulqdq dtes64 monitor ds_cpl vmx est tm2 ssse3 cx16 xtpr pdcm pcid sse4_1 sse4_2 x2apic popcnt tsc_deadline_timer aes xsave avx f16c rdrand lahf_lm ida arat epb xsaveopt pln pts dtherm tpr_shadow vnmi flexpriority ept vpid fsgsbase smep erms
bogomips	: 6005.26
clflush size	: 64
cache_alignment	: 64
address sizes	: 36 bits physical, 48 bits virtual
power management:

processor	: 2
vendor_id	: GenuineIntel
cpu family	: 6
model		: 58
model name	: Intel(R) Core(TM) i5-3330 CPU @ 3.00GHz
stepping	: 9
microcode	: 0x15
cpu MHz		: 3049.101
cache size	: 6144 KB
physical id	: 0
siblings	: 4
core id		: 2
cpu cores	: 4
apicid		: 4
initial apicid	: 4
fpu		: yes
fpu_exception	: yes
cpuid level	: 13
wp		: yes
flags		: fpu vme de pse tsc msr pae mce cx8 apic sep mtrr pge mca cmov pat pse36 clflush dts acpi mmx fxsr sse sse2 ss ht tm pbe syscall nx rdtscp lm constant_tsc arch_perfmon pebs bts rep_good nopl xtopology nonstop_tsc aperfmperf eagerfpu pni pclmulqdq dtes64 monitor ds_cpl vmx est tm2 ssse3 cx16 xtpr pdcm pcid sse4_1 sse4_2 x2apic popcnt tsc_deadline_timer aes xsave avx f16c rdrand lahf_lm ida arat epb xsaveopt pln pts dtherm tpr_shadow vnmi flexpriority ept vpid fsgsbase smep erms
bogomips	: 6005.26
clflush size	: 64
cache_alignment	: 64
address sizes	: 36 bits physical, 48 bits virtual
power management:

processor	: 3
vendor_id	: GenuineIntel
cpu family	: 6
model		: 58
model name	: Intel(R) Core(TM) i5-3330 CPU @ 3.00GHz
stepping	: 9
microcode	: 0x15
cpu MHz		: 2951.250
cache size	: 6144 KB
physical id	: 0
siblings	: 4
core id		: 3
cpu cores	: 4
apicid		: 6
initial apicid	: 6
fpu		: yes
fpu_exception	: yes
cpuid level	: 13
wp		: yes
flags		: fpu vme de pse tsc msr pae mce cx8 apic sep mtrr pge mca cmov pat pse36 clflush dts acpi mmx fxsr sse sse2 ss ht tm pbe syscall nx rdtscp lm constant_tsc arch_perfmon pebs bts rep_good nopl xtopology nonstop_tsc aperfmperf eagerfpu pni pclmulqdq dtes64 monitor ds_cpl vmx est tm2 ssse3 cx16 xtpr pdcm pcid sse4_1 sse4_2 x2apic popcnt tsc_deadline_timer aes xsave avx f16c rdrand lahf_lm ida arat epb xsaveopt pln pts dtherm tpr_shadow vnmi flexpriority ept vpid fsgsbase smep erms
bogomips	: 6005.26
clflush size	: 64
cache_alignment	: 64
address sizes	: 36 bits physical, 48 bits virtual
power management:



Memory: 4k page, physical 4014512k(123248k free), swap 4200444k(2537248k free)

vm_info: Java HotSpot(TM) 64-Bit Server VM (25.31-b07) for linux-amd64 JRE (1.8.0_31-b13), built on Dec 17 2014 20:40:15 by "java_re" with gcc 4.3.0 20080428 (Red Hat 4.3.0-8)

time: Sat Feb 28 01:10:21 2015
elapsed time: 620 seconds (0d 0h 10m 20s)

