#
# A fatal error has been detected by the Java Runtime Environment:
#
#  SIGSEGV (0xb) at pc=0x0000000000000000, pid=5152, tid=140188463228672
#
# JRE version: Java(TM) SE Runtime Environment (8.0_31-b13) (build 1.8.0_31-b13)
# Java VM: Java HotSpot(TM) 64-Bit Server VM (25.31-b07 mixed mode linux-amd64 compressed oops)
# Problematic frame:
# C  0x0000000000000000
#
# Failed to write core dump. Core dumps have been disabled. To enable core dumping, try "ulimit -c unlimited" before starting Java again
#
# If you would like to submit a bug report, please visit:
#   http://bugreport.java.com/bugreport/crash.jsp
#

---------------  T H R E A D  ---------------

Current thread (0x00007f7fcc008000):  JavaThread "RMI TCP Connection(11)-192.168.1.31" daemon [_thread_in_Java, id=7121, stack(0x00007f802b7d6000,0x00007f802b8d7000)]

siginfo: si_signo: 11 (SIGSEGV), si_code: 1 (SEGV_MAPERR), si_addr: 0x0000000000000000

Registers:
RAX=0x00007f803d007710, RBX=0x00007f8033763040, RCX=0x00007f80337bf270, RDX=0x00007f803d007710
RSP=0x00007f802b8d3a88, RBP=0x00007f802b8d3b00, RSI=0x00000000c3db24c8, RDI=0x00007f8028a63140
R8 =0x0000000000000030, R9 =0x00000000f0a5dfb0, R10=0x00007f80530ac420, R11=0x00007f803d1bc400
R12=0x0000000000000000, R13=0x00007f802b8d3a88, R14=0x00007f802b8d3b48, R15=0x00007f7fcc008000
RIP=0x0000000000000000, EFLAGS=0x0000000000010202, CSGSFS=0x0000000000000033, ERR=0x0000000000000014
  TRAPNO=0x000000000000000e

Top of Stack: (sp=0x00007f802b8d3a88)
0x00007f802b8d3a88:   00007f803d007710 00000000c575f798
0x00007f802b8d3a98:   00000000f0a5de48 00000000c3da09a0
0x00007f802b8d3aa8:   00000000c5918f08 00000000c2a208a8
0x00007f802b8d3ab8:   00000000f0a5ded0 00007f802b8d3ac0
0x00007f802b8d3ac8:   00007f80337bf1f4 00007f802b8d3b48
0x00007f802b8d3ad8:   00007f80337bf270 0000000000000000
0x00007f802b8d3ae8:   00007f80337bf200 00007f802b8d3a88
0x00007f802b8d3af8:   00007f802b8d3b18 00007f802b8d3b90
0x00007f802b8d3b08:   00007f803d007710 00000000c3db2348
0x00007f802b8d3b18:   00000000c575f798 00000000f0a5de48
0x00007f802b8d3b28:   00000000c3da09a0 00000000c5918f08
0x00007f802b8d3b38:   00000000c2a208a8 00000000f0a5ded0
0x00007f802b8d3b48:   00000000c3db24c8 00007f802b8d3b50
0x00007f802b8d3b58:   00007f80337e61a3 00007f802b8d3ba8
0x00007f802b8d3b68:   00007f80337e6220 0000000000000000
0x00007f802b8d3b78:   00007f80337e61b0 00007f802b8d3b18
0x00007f802b8d3b88:   00007f802b8d3b98 00007f802b8d3bf0
0x00007f802b8d3b98:   00007f803d007710 00000000f0a5dfa0
0x00007f802b8d3ba8:   00000000c3db24c8 00007f802b8d3bb0
0x00007f802b8d3bb8:   00007f80337be9eb 00007f802b8d3c18
0x00007f802b8d3bc8:   00007f80337bea68 0000000000000000
0x00007f802b8d3bd8:   00007f80337be9f8 00007f802b8d3b98
0x00007f802b8d3be8:   00007f802b8d3c08 00007f802b8d3c60
0x00007f802b8d3bf8:   00007f803d007710 00000000c3dab2c8
0x00007f802b8d3c08:   00000000f0a5dfa0 00000000c3db24c8
0x00007f802b8d3c18:   00000000c3dab2a8 00007f802b8d3c20
0x00007f802b8d3c28:   00007f8028b2a776 00007f802b8d3c78
0x00007f802b8d3c38:   00007f8028b2dc70 0000000000000000
0x00007f802b8d3c48:   00007f8028b2a790 00007f802b8d3c08
0x00007f802b8d3c58:   00007f802b8d3c70 00007f802b8d3cc0
0x00007f802b8d3c68:   00007f803d007710 00000000f0a5dfa0
0x00007f802b8d3c78:   00000000c3db25d8 00007f802b8d3c80 

Instructions: (pc=0x0000000000000000)
0xffffffffffffffe0:   

Register to memory mapping:

RAX=0x00007f803d007710 is at code_begin+1456 in an Interpreter codelet
invoke return entry points  [0x00007f803d007160, 0x00007f803d007a60]  2304 bytes
RBX=0x00007f8033763040 is pointing into metadata
RCX=0x00007f80337bf270 is pointing into metadata
RDX=0x00007f803d007710 is at code_begin+1456 in an Interpreter codelet
invoke return entry points  [0x00007f803d007160, 0x00007f803d007a60]  2304 bytes
RSP=0x00007f802b8d3a88 is pointing into the stack for thread: 0x00007f7fcc008000
RBP=0x00007f802b8d3b00 is pointing into the stack for thread: 0x00007f7fcc008000
RSI=0x00000000c3db24c8 is an oop
java.lang.invoke.DirectMethodHandle 
 - klass: 'java/lang/invoke/DirectMethodHandle'
RDI=0x00007f8028a63140 is pointing into metadata
R8 =0x0000000000000030 is an unknown value
R9 =0x00000000f0a5dfb0 is an oop

[error occurred during error reporting (printing register info), id 0xb]

Stack: [0x00007f802b7d6000,0x00007f802b8d7000],  sp=0x00007f802b8d3a88,  free space=1014k

---------------  P R O C E S S  ---------------

Java Threads: ( => current thread )
  0x00007f7fc4015800 JavaThread "*** Profiler Agent Special Execution Thread 8" daemon [_thread_blocked, id=7458, stack(0x00007f80287d2000,0x00007f80288d3000)]
=>0x00007f7fcc008000 JavaThread "RMI TCP Connection(11)-192.168.1.31" daemon [_thread_in_Java, id=7121, stack(0x00007f802b7d6000,0x00007f802b8d7000)]
  0x0000000000e21000 JavaThread "*** Profiler Agent Special Execution Thread 6" daemon [_thread_blocked, id=5936, stack(0x00007f802bcfd000,0x00007f802bdfe000)]
  0x0000000000e1f000 JavaThread "*** JFluid Monitor thread ***" daemon [_thread_blocked, id=5935, stack(0x00007f802bdfe000,0x00007f802beff000)]
  0x0000000000e1d000 JavaThread "*** Profiler Agent Communication Thread" daemon [_thread_blocked, id=5932, stack(0x00007f802beff000,0x00007f802c000000)]
  0x00007f7fdc007000 JavaThread "http-nio-8080-exec-10" daemon [_thread_blocked, id=5382, stack(0x00007f80305d9000,0x00007f80306da000)]
  0x00007f7fdc005800 JavaThread "http-nio-8080-exec-9" daemon [_thread_blocked, id=5380, stack(0x00007f80306da000,0x00007f80307db000)]
  0x00007f7fe0007000 JavaThread "http-nio-8080-exec-8" daemon [_thread_blocked, id=5378, stack(0x00007f80307db000,0x00007f80308dc000)]
  0x00007f7fe0005000 JavaThread "http-nio-8080-exec-7" daemon [_thread_blocked, id=5376, stack(0x00007f80308dc000,0x00007f80309dd000)]
  0x00007f7fdc003800 JavaThread "http-nio-8080-exec-6" daemon [_thread_blocked, id=5372, stack(0x00007f80309dd000,0x00007f8030ade000)]
  0x00007f7fdc002000 JavaThread "http-nio-8080-exec-5" daemon [_thread_blocked, id=5353, stack(0x00007f8030bdf000,0x00007f8030ce0000)]
  0x00007f7fe0003800 JavaThread "http-nio-8080-exec-4" daemon [_thread_blocked, id=5346, stack(0x00007f8030ce0000,0x00007f8030de1000)]
  0x00007f7fe0003000 JavaThread "http-nio-8080-exec-3" daemon [_thread_blocked, id=5345, stack(0x00007f80380f6000,0x00007f80381f7000)]
  0x00007f7fdc001000 JavaThread "http-nio-8080-exec-2" daemon [_thread_blocked, id=5335, stack(0x00007f80311e1000,0x00007f80312e2000)]
  0x00007f7fe0001800 JavaThread "http-nio-8080-exec-1" daemon [_thread_blocked, id=5331, stack(0x00007f80338ee000,0x00007f80339ef000)]
  0x00007f7fd000d800 JavaThread "JMX server connection timeout 25" daemon [_thread_blocked, id=5325, stack(0x00007f80313e3000,0x00007f80314e4000)]
  0x00007f7fd0008800 JavaThread "RMI Scheduler(0)" daemon [_thread_blocked, id=5323, stack(0x00007f80314e4000,0x00007f80315e5000)]
  0x00007f7fcc001800 JavaThread "RMI TCP Connection(1)-192.168.1.31" daemon [_thread_blocked, id=5322, stack(0x00007f80315e5000,0x00007f80316e6000)]
  0x00007f7fd800d000 JavaThread "RMI TCP Accept-0" daemon [_thread_in_native, id=5319, stack(0x00007f80316e6000,0x00007f80317e7000)]
  0x00007f8010001000 JavaThread "Attach Listener" daemon [_thread_blocked, id=5317, stack(0x00007f80317e7000,0x00007f80318e8000)]
  0x00007f804c00c800 JavaThread "DestroyJavaVM" [_thread_blocked, id=5157, stack(0x00007f8053ba4000,0x00007f8053ca5000)]
  0x00007f804d320800 JavaThread "http-nio-8080-Acceptor-0" daemon [_thread_in_native, id=5316, stack(0x00007f80318e8000,0x00007f80319e9000)]
  0x00007f804d31e000 JavaThread "http-nio-8080-ClientPoller-1" daemon [_thread_in_native, id=5315, stack(0x00007f80319e9000,0x00007f8031aea000)]
  0x00007f804d30f800 JavaThread "http-nio-8080-ClientPoller-0" daemon [_thread_in_native, id=5314, stack(0x00007f8031aea000,0x00007f8031beb000)]
  0x00007f804d2ff800 JavaThread "NioBlockingSelector.BlockPoller-1" daemon [_thread_in_native, id=5313, stack(0x00007f8031beb000,0x00007f8031cec000)]
  0x00007f804cd04000 JavaThread "container-0" [_thread_blocked, id=5311, stack(0x00007f8032cec000,0x00007f8032ded000)]
  0x00007f7fec3f6800 JavaThread "ContainerBackgroundProcessor[StandardEngine[Tomcat].StandardHost[localhost].StandardContext[]]" daemon [_thread_blocked, id=5310, stack(0x00007f80331ed000,0x00007f80332ee000)]
  0x00007f804c0c7800 JavaThread "Service Thread" daemon [_thread_blocked, id=5169, stack(0x00007f80396d3000,0x00007f80397d4000)]
  0x00007f804c0b7800 JavaThread "C1 CompilerThread2" daemon [_thread_blocked, id=5168, stack(0x00007f80397d4000,0x00007f80398d5000)]
  0x00007f804c0b5800 JavaThread "C2 CompilerThread1" daemon [_thread_blocked, id=5167, stack(0x00007f80398d5000,0x00007f80399d6000)]
  0x00007f804c0b2800 JavaThread "C2 CompilerThread0" daemon [_thread_blocked, id=5166, stack(0x00007f80399d6000,0x00007f8039ad7000)]
  0x00007f804c0b0800 JavaThread "Signal Dispatcher" daemon [_thread_blocked, id=5165, stack(0x00007f8039ad7000,0x00007f8039bd8000)]
  0x00007f804c07f800 JavaThread "Finalizer" daemon [_thread_blocked, id=5164, stack(0x00007f8039d47000,0x00007f8039e48000)]
  0x00007f804c07d000 JavaThread "Reference Handler" daemon [_thread_blocked, id=5163, stack(0x00007f8039e48000,0x00007f8039f49000)]

Other Threads:
  0x00007f804c078000 VMThread [stack: 0x00007f8039f49000,0x00007f803a04a000] [id=5162]
  0x00007f804c0c9800 WatcherThread [stack: 0x00007f80395d2000,0x00007f80396d3000] [id=5170]

VM state:synchronizing (normal execution)

VM Mutex/Monitor currently owned by a thread:  ([mutex/lock_event])
[0x00007f804c00b1d0] Safepoint_lock - owner thread: 0x00007f804c078000
[0x00007f804c00b250] Threads_lock - owner thread: 0x00007f804c078000

Heap:
 PSYoungGen      total 291840K, used 195488K [0x00000000eb900000, 0x0000000100000000, 0x0000000100000000)
  eden space 271360K, 72% used [0x00000000eb900000,0x00000000f77e8108,0x00000000fc200000)
  from space 20480K, 0% used [0x00000000fc200000,0x00000000fc200000,0x00000000fd600000)
  to   space 32768K, 0% used [0x00000000fe000000,0x00000000fe000000,0x0000000100000000)
 ParOldGen       total 168448K, used 68228K [0x00000000c2a00000, 0x00000000cce80000, 0x00000000eb900000)
  object space 168448K, 40% used [0x00000000c2a00000,0x00000000c6ca11d8,0x00000000cce80000)
 Metaspace       used 115694K, capacity 116856K, committed 117036K, reserved 1155072K
  class space    used 10697K, capacity 11278K, committed 11308K, reserved 1048576K

Card table byte_map: [0x00007f8051044000,0x00007f8051230000] byte_map_base: 0x00007f8050a2f000

Marking Bits: (ParMarkBitMap*) 0x00007f80530aa2a0
 Begin Bits: [0x00007f803b150000, 0x00007f803c0a8000)
 End Bits:   [0x00007f803c0a8000, 0x00007f803d000000)

Polling page: 0x00007f8053cd1000

CodeCache: size=245760Kb used=19387Kb max_used=30164Kb free=226372Kb
 bounds [0x00007f803d000000, 0x00007f803edb0000, 0x00007f804c000000]
 total_blobs=6019 nmethods=5454 adapters=478
 compilation: enabled

Compilation events (10 events):
Event: 1135,138 Thread 0x00007f804c0b5800 nmethod 19640 0x00007f803d0fe450 code [0x00007f803d0fe5a0, 0x00007f803d0fe818]
Event: 1135,157 Thread 0x00007f804c0b2800 19642       4       sun.instrument.InstrumentationImpl::transform (38 bytes)
Event: 1135,157 Thread 0x00007f804c0b5800 19643   !   4       sun.instrument.TransformerManager::transform (98 bytes)
Event: 1135,158 Thread 0x00007f804c0b5800 nmethod 19643 0x00007f803ecd2350 code [0x00007f803ecd24a0, 0x00007f803ecd2598]
Event: 1135,158 Thread 0x00007f804c0b2800 nmethod 19642 0x00007f803e56b7d0 code [0x00007f803e56b920, 0x00007f803e56ba58]
Event: 1137,411 Thread 0x00007f804c0b7800 19644   !   3       sun.rmi.transport.StreamRemoteCall::releaseOutputStream (60 bytes)
Event: 1137,411 Thread 0x00007f804c0b7800 nmethod 19644 0x00007f803e56c0d0 code [0x00007f803e56c2e0, 0x00007f803e56cb28]
Event: 1137,412 Thread 0x00007f804c0b2800 19645       4       java.io.ObjectInputStream$PeekInputStream::read (69 bytes)
Event: 1137,416 Thread 0x00007f804c0b2800 nmethod 19645 0x00007f803ecc9790 code [0x00007f803ecc99a0, 0x00007f803ecc9f00]
Event: 1139,457 Thread 0x00007f804c0b7800 19646       1       java.lang.invoke.LambdaForm$Name::index (5 bytes)

GC Heap History (10 events):
Event: 606,636 GC heap before
{Heap before GC invocations=22 (full 3):
 PSYoungGen      total 289792K, used 150920K [0x00000000eb900000, 0x00000000ff600000, 0x0000000100000000)
  eden space 280576K, 50% used [0x00000000eb900000,0x00000000f43a61f0,0x00000000fcb00000)
  from space 9216K, 97% used [0x00000000fed00000,0x00000000ff5bbf20,0x00000000ff600000)
  to   space 16384K, 0% used [0x00000000fd600000,0x00000000fd600000,0x00000000fe600000)
 ParOldGen       total 104960K, used 49643K [0x00000000c2a00000, 0x00000000c9080000, 0x00000000eb900000)
  object space 104960K, 47% used [0x00000000c2a00000,0x00000000c5a7ade0,0x00000000c9080000)
 Metaspace       used 86253K, capacity 87384K, committed 87468K, reserved 1126400K
  class space    used 9528K, capacity 10122K, committed 10156K, reserved 1048576K
Event: 606,705 GC heap after
Heap after GC invocations=22 (full 3):
 PSYoungGen      total 308224K, used 16366K [0x00000000eb900000, 0x0000000100000000, 0x0000000100000000)
  eden space 291840K, 0% used [0x00000000eb900000,0x00000000eb900000,0x00000000fd600000)
  from space 16384K, 99% used [0x00000000fd600000,0x00000000fe5fb948,0x00000000fe600000)
  to   space 26624K, 0% used [0x00000000fe600000,0x00000000fe600000,0x0000000100000000)
 ParOldGen       total 104960K, used 74454K [0x00000000c2a00000, 0x00000000c9080000, 0x00000000eb900000)
  object space 104960K, 70% used [0x00000000c2a00000,0x00000000c72b5b18,0x00000000c9080000)
 Metaspace       used 86253K, capacity 87384K, committed 87468K, reserved 1126400K
  class space    used 9528K, capacity 10122K, committed 10156K, reserved 1048576K
}
Event: 606,706 GC heap before
{Heap before GC invocations=23 (full 4):
 PSYoungGen      total 308224K, used 16366K [0x00000000eb900000, 0x0000000100000000, 0x0000000100000000)
  eden space 291840K, 0% used [0x00000000eb900000,0x00000000eb900000,0x00000000fd600000)
  from space 16384K, 99% used [0x00000000fd600000,0x00000000fe5fb948,0x00000000fe600000)
  to   space 26624K, 0% used [0x00000000fe600000,0x00000000fe600000,0x0000000100000000)
 ParOldGen       total 104960K, used 74454K [0x00000000c2a00000, 0x00000000c9080000, 0x00000000eb900000)
  object space 104960K, 70% used [0x00000000c2a00000,0x00000000c72b5b18,0x00000000c9080000)
 Metaspace       used 86253K, capacity 87384K, committed 87468K, reserved 1126400K
  class space    used 9528K, capacity 10122K, committed 10156K, reserved 1048576K
Event: 606,836 GC heap after
Heap after GC invocations=23 (full 4):
 PSYoungGen      total 308224K, used 0K [0x00000000eb900000, 0x0000000100000000, 0x0000000100000000)
  eden space 291840K, 0% used [0x00000000eb900000,0x00000000eb900000,0x00000000fd600000)
  from space 16384K, 0% used [0x00000000fd600000,0x00000000fd600000,0x00000000fe600000)
  to   space 26624K, 0% used [0x00000000fe600000,0x00000000fe600000,0x0000000100000000)
 ParOldGen       total 165888K, used 84360K [0x00000000c2a00000, 0x00000000ccc00000, 0x00000000eb900000)
  object space 165888K, 50% used [0x00000000c2a00000,0x00000000c7c62250,0x00000000ccc00000)
 Metaspace       used 86253K, capacity 87384K, committed 87468K, reserved 1126400K
  class space    used 9528K, capacity 10122K, committed 10156K, reserved 1048576K
}
Event: 907,955 GC heap before
{Heap before GC invocations=24 (full 4):
 PSYoungGen      total 308224K, used 291840K [0x00000000eb900000, 0x0000000100000000, 0x0000000100000000)
  eden space 291840K, 100% used [0x00000000eb900000,0x00000000fd600000,0x00000000fd600000)
  from space 16384K, 0% used [0x00000000fd600000,0x00000000fd600000,0x00000000fe600000)
  to   space 26624K, 0% used [0x00000000fe600000,0x00000000fe600000,0x0000000100000000)
 ParOldGen       total 165888K, used 84360K [0x00000000c2a00000, 0x00000000ccc00000, 0x00000000eb900000)
  object space 165888K, 50% used [0x00000000c2a00000,0x00000000c7c62250,0x00000000ccc00000)
 Metaspace       used 114362K, capacity 115532K, committed 115756K, reserved 1153024K
  class space    used 10698K, capacity 11282K, committed 11308K, reserved 1048576K
Event: 908,049 GC heap after
Heap after GC invocations=24 (full 4):
 PSYoungGen      total 297984K, used 25200K [0x00000000eb900000, 0x0000000100000000, 0x0000000100000000)
  eden space 271360K, 0% used [0x00000000eb900000,0x00000000eb900000,0x00000000fc200000)
  from space 26624K, 94% used [0x00000000fe600000,0x00000000ffe9c030,0x0000000100000000)
  to   space 31744K, 0% used [0x00000000fc200000,0x00000000fc200000,0x00000000fe100000)
 ParOldGen       total 165888K, used 84368K [0x00000000c2a00000, 0x00000000ccc00000, 0x00000000eb900000)
  object space 165888K, 50% used [0x00000000c2a00000,0x00000000c7c64250,0x00000000ccc00000)
 Metaspace       used 114362K, capacity 115532K, committed 115756K, reserved 1153024K
  class space    used 10698K, capacity 11282K, committed 11308K, reserved 1048576K
}
Event: 1100,370 GC heap before
{Heap before GC invocations=25 (full 4):
 PSYoungGen      total 297984K, used 202762K [0x00000000eb900000, 0x0000000100000000, 0x0000000100000000)
  eden space 271360K, 65% used [0x00000000eb900000,0x00000000f6666940,0x00000000fc200000)
  from space 26624K, 94% used [0x00000000fe600000,0x00000000ffe9c030,0x0000000100000000)
  to   space 31744K, 0% used [0x00000000fc200000,0x00000000fc200000,0x00000000fe100000)
 ParOldGen       total 165888K, used 84368K [0x00000000c2a00000, 0x00000000ccc00000, 0x00000000eb900000)
  object space 165888K, 50% used [0x00000000c2a00000,0x00000000c7c64250,0x00000000ccc00000)
 Metaspace       used 115345K, capacity 116496K, committed 116780K, reserved 1155072K
  class space    used 10699K, capacity 11282K, committed 11308K, reserved 1048576K
Event: 1100,415 GC heap after
Heap after GC invocations=25 (full 4):
 PSYoungGen      total 291840K, used 20272K [0x00000000eb900000, 0x0000000100000000, 0x0000000100000000)
  eden space 271360K, 0% used [0x00000000eb900000,0x00000000eb900000,0x00000000fc200000)
  from space 20480K, 98% used [0x00000000fc200000,0x00000000fd5cc030,0x00000000fd600000)
  to   space 32768K, 0% used [0x00000000fe000000,0x00000000fe000000,0x0000000100000000)
 ParOldGen       total 165888K, used 84376K [0x00000000c2a00000, 0x00000000ccc00000, 0x00000000eb900000)
  object space 165888K, 50% used [0x00000000c2a00000,0x00000000c7c66250,0x00000000ccc00000)
 Metaspace       used 115345K, capacity 116496K, committed 116780K, reserved 1155072K
  class space    used 10699K, capacity 11282K, committed 11308K, reserved 1048576K
}
Event: 1100,415 GC heap before
{Heap before GC invocations=26 (full 5):
 PSYoungGen      total 291840K, used 20272K [0x00000000eb900000, 0x0000000100000000, 0x0000000100000000)
  eden space 271360K, 0% used [0x00000000eb900000,0x00000000eb900000,0x00000000fc200000)
  from space 20480K, 98% used [0x00000000fc200000,0x00000000fd5cc030,0x00000000fd600000)
  to   space 32768K, 0% used [0x00000000fe000000,0x00000000fe000000,0x0000000100000000)
 ParOldGen       total 165888K, used 84376K [0x00000000c2a00000, 0x00000000ccc00000, 0x00000000eb900000)
  object space 165888K, 50% used [0x00000000c2a00000,0x00000000c7c66250,0x00000000ccc00000)
 Metaspace       used 115345K, capacity 116496K, committed 116780K, reserved 1155072K
  class space    used 10699K, capacity 11282K, committed 11308K, reserved 1048576K
Event: 1100,630 GC heap after
Heap after GC invocations=26 (full 5):
 PSYoungGen      total 291840K, used 0K [0x00000000eb900000, 0x0000000100000000, 0x0000000100000000)
  eden space 271360K, 0% used [0x00000000eb900000,0x00000000eb900000,0x00000000fc200000)
  from space 20480K, 0% used [0x00000000fc200000,0x00000000fc200000,0x00000000fd600000)
  to   space 32768K, 0% used [0x00000000fe000000,0x00000000fe000000,0x0000000100000000)
 ParOldGen       total 168448K, used 68228K [0x00000000c2a00000, 0x00000000cce80000, 0x00000000eb900000)
  object space 168448K, 40% used [0x00000000c2a00000,0x00000000c6ca11d8,0x00000000cce80000)
 Metaspace       used 115338K, capacity 116472K, committed 116780K, reserved 1155072K
  class space    used 10697K, capacity 11278K, committed 11308K, reserved 1048576K
}

Deoptimization events (10 events):
Event: 963,332 Thread 0x00007f7fe0001800 Uncommon trap: reason=array_check action=maybe_recompile pc=0x00007f803e169ab8 method=java.util.AbstractCollection.toArray([Ljava/lang/Object;)[Ljava/lang/Object; @ 119
Event: 963,333 Thread 0x00007f7fe0001800 Uncommon trap: reason=array_check action=maybe_recompile pc=0x00007f803e169ab8 method=java.util.AbstractCollection.toArray([Ljava/lang/Object;)[Ljava/lang/Object; @ 119
Event: 963,334 Thread 0x00007f7fe0001800 Uncommon trap: reason=array_check action=maybe_recompile pc=0x00007f803e169ab8 method=java.util.AbstractCollection.toArray([Ljava/lang/Object;)[Ljava/lang/Object; @ 119
Event: 963,335 Thread 0x00007f7fe0001800 Uncommon trap: reason=array_check action=maybe_recompile pc=0x00007f803e169ab8 method=java.util.AbstractCollection.toArray([Ljava/lang/Object;)[Ljava/lang/Object; @ 119
Event: 1100,631 Thread 0x00007f804c07d000 Uncommon trap: reason=unreached action=reinterpret pc=0x00007f803ed5d4fc method=java.lang.ref.ReferenceQueue.enqueue(Ljava/lang/ref/Reference;)Z @ 102
Event: 1100,631 Thread 0x00007f7fd87d9000 Uncommon trap: reason=unreached action=reinterpret pc=0x00007f803d3b827c method=org.netbeans.lib.profiler.server.ProfilerRuntimeMemory.writeObjGCEvent(J)V @ 3
Event: 1101,066 Thread 0x00007f7fc4015800 Uncommon trap: reason=unreached action=reinterpret pc=0x00007f803eaf63dc method=java.lang.ThreadLocal.get()Ljava/lang/Object; @ 11
Event: 1101,372 Thread 0x00007f7fe0007000 Uncommon trap: reason=unreached action=reinterpret pc=0x00007f803d5f6924 method=java.lang.ref.ReferenceQueue.poll()Ljava/lang/ref/Reference; @ 4
Event: 1101,377 Thread 0x00007f7fe0007000 Uncommon trap: reason=unreached action=reinterpret pc=0x00007f803ec477b4 method=java.lang.ref.ReferenceQueue.poll()Ljava/lang/ref/Reference; @ 4
Event: 1105,411 Thread 0x00007f7fc4015800 Uncommon trap: reason=unreached action=reinterpret pc=0x00007f803d6996a4 method=sun.misc.URLClassPath$JarLoader.ensureOpen()V @ 4

Internal exceptions (10 events):
Event: 803,939 Thread 0x00007f7fe0003800 Implicit null exception at 0x00007f803e50903a to 0x00007f803e5091e6
Event: 803,943 Thread 0x00007f7fe0003800 Implicit null exception at 0x00007f803d48a1cc to 0x00007f803d48a27d
Event: 803,943 Thread 0x00007f7fe0003800 Implicit null exception at 0x00007f803db75985 to 0x00007f803db75acd
Event: 803,944 Thread 0x00007f7fe0003800 Implicit null exception at 0x00007f803db2e147 to 0x00007f803db2e33d
Event: 908,049 Thread 0x00007f804c0c7800 Implicit null exception at 0x00007f803ec81aed to 0x00007f803ec81ea5
Event: 908,248 Thread 0x00007f804c07d000 Implicit null exception at 0x00007f803ed5df01 to 0x00007f803ed5e55d
Event: 930,062 Thread 0x00007f7fe0003000 Implicit null exception at 0x00007f803ea519c6 to 0x00007f803ea51bad
Event: 1100,631 Thread 0x00007f7fd87d9000 Implicit null exception at 0x00007f803d3b7ca6 to 0x00007f803d3b826d
Event: 1101,066 Thread 0x00007f7fc4015800 Implicit null exception at 0x00007f803eaf6288 to 0x00007f803eaf63cd
Event: 1105,411 Thread 0x00007f7fc4015800 Implicit null exception at 0x00007f803d69863e to 0x00007f803d69968d

Events (10 events):
Event: 1135,160 Executing VM operation: RedefineClasses
Event: 1137,405 Executing VM operation: RedefineClasses done
Event: 1137,405 Thread 0x0000000000e1d000 DEOPT PACKING pc=0x00007f803d252e34 sp=0x00007f802bffe6b0
Event: 1137,405 Thread 0x00007f7fcc008000 DEOPT PACKING pc=0x00007f803da70254 sp=0x00007f802b8d47b0
Event: 1137,405 Thread 0x0000000000e1d000 DEOPT UNPACKING pc=0x00007f803d047373 sp=0x00007f802bffe570 mode 0
Event: 1137,405 Thread 0x00007f7fcc008000 DEOPT UNPACKING pc=0x00007f803d047373 sp=0x00007f802b8d44c8 mode 0
Event: 1137,405 Thread 0x00007f7fcc008000 DEOPT PACKING pc=0x00007f803d9db0ac sp=0x00007f802b8d4810
Event: 1137,405 Thread 0x00007f7fcc008000 DEOPT UNPACKING pc=0x00007f803d047373 sp=0x00007f802b8d4560 mode 0
Event: 1137,457 Executing VM operation: RedefineClasses
Event: 1139,435 Executing VM operation: RedefineClasses done


Dynamic libraries:
00400000-00401000 r-xp 00000000 08:03 8389229                            /home/suse/sobngwi/java/jdk1.8.0_31/bin/java
00600000-00601000 rw-p 00000000 08:03 8389229                            /home/suse/sobngwi/java/jdk1.8.0_31/bin/java
00e15000-00e36000 rw-p 00000000 00:00 0                                  [heap]
c2a00000-cce80000 rw-p 00000000 00:00 0 
cce80000-eb900000 ---p 00000000 00:00 0 
eb900000-100000000 rw-p 00000000 00:00 0 
100000000-100b0b000 rw-p 00000000 00:00 0 
100b0b000-140000000 ---p 00000000 00:00 0 
7f7fb4000000-7f7fb4292000 rw-p 00000000 00:00 0 
7f7fb4292000-7f7fb8000000 ---p 00000000 00:00 0 
7f7fb8000000-7f7fb8021000 rw-p 00000000 00:00 0 
7f7fb8021000-7f7fbc000000 ---p 00000000 00:00 0 
7f7fbc000000-7f7fbc06b000 rw-p 00000000 00:00 0 
7f7fbc06b000-7f7fc0000000 ---p 00000000 00:00 0 
7f7fc0000000-7f7fc01bd000 rw-p 00000000 00:00 0 
7f7fc01bd000-7f7fc4000000 ---p 00000000 00:00 0 
7f7fc4000000-7f7fc4292000 rw-p 00000000 00:00 0 
7f7fc4292000-7f7fc8000000 ---p 00000000 00:00 0 
7f7fc8000000-7f7fc8021000 rw-p 00000000 00:00 0 
7f7fc8021000-7f7fcc000000 ---p 00000000 00:00 0 
7f7fcc000000-7f7fcc021000 rw-p 00000000 00:00 0 
7f7fcc021000-7f7fd0000000 ---p 00000000 00:00 0 
7f7fd0000000-7f7fd029d000 rw-p 00000000 00:00 0 
7f7fd029d000-7f7fd4000000 ---p 00000000 00:00 0 
7f7fd4000000-7f7fd4282000 rw-p 00000000 00:00 0 
7f7fd4282000-7f7fd8000000 ---p 00000000 00:00 0 
7f7fd8000000-7f7fd8d96000 rw-p 00000000 00:00 0 
7f7fd8d96000-7f7fdc000000 ---p 00000000 00:00 0 
7f7fdc000000-7f7fdc034000 rw-p 00000000 00:00 0 
7f7fdc034000-7f7fe0000000 ---p 00000000 00:00 0 
7f7fe0000000-7f7fe0022000 rw-p 00000000 00:00 0 
7f7fe0022000-7f7fe4000000 ---p 00000000 00:00 0 
7f7fe4000000-7f7fe427e000 rw-p 00000000 00:00 0 
7f7fe427e000-7f7fe8000000 ---p 00000000 00:00 0 
7f7fe8000000-7f7fe8021000 rw-p 00000000 00:00 0 
7f7fe8021000-7f7fec000000 ---p 00000000 00:00 0 
7f7fec000000-7f7fec423000 rw-p 00000000 00:00 0 
7f7fec423000-7f7ff0000000 ---p 00000000 00:00 0 
7f7ff0000000-7f7ff0021000 rw-p 00000000 00:00 0 
7f7ff0021000-7f7ff4000000 ---p 00000000 00:00 0 
7f7ff4000000-7f7ff4021000 rw-p 00000000 00:00 0 
7f7ff4021000-7f7ff8000000 ---p 00000000 00:00 0 
7f7ff8000000-7f7ff80f4000 rw-p 00000000 00:00 0 
7f7ff80f4000-7f7ffc000000 ---p 00000000 00:00 0 
7f7ffc000000-7f7ffced3000 rw-p 00000000 00:00 0 
7f7ffced3000-7f8000000000 ---p 00000000 00:00 0 
7f8000000000-7f8000021000 rw-p 00000000 00:00 0 
7f8000021000-7f8004000000 ---p 00000000 00:00 0 
7f8004000000-7f8005fe0000 rw-p 00000000 00:00 0 
7f8005fe0000-7f8008000000 ---p 00000000 00:00 0 
7f8008000000-7f8009e2d000 rw-p 00000000 00:00 0 
7f8009e2d000-7f800c000000 ---p 00000000 00:00 0 
7f800c000000-7f800c021000 rw-p 00000000 00:00 0 
7f800c021000-7f8010000000 ---p 00000000 00:00 0 
7f8010000000-7f8010021000 rw-p 00000000 00:00 0 
7f8010021000-7f8014000000 ---p 00000000 00:00 0 
7f8014000000-7f80141fc000 rw-p 00000000 00:00 0 
7f80141fc000-7f8018000000 ---p 00000000 00:00 0 
7f8018000000-7f8018021000 rw-p 00000000 00:00 0 
7f8018021000-7f801c000000 ---p 00000000 00:00 0 
7f801c000000-7f801c021000 rw-p 00000000 00:00 0 
7f801c021000-7f8020000000 ---p 00000000 00:00 0 
7f8024000000-7f8024021000 rw-p 00000000 00:00 0 
7f8024021000-7f8028000000 ---p 00000000 00:00 0 
7f80283d2000-7f8028512000 rw-p 00000000 00:00 0 
7f8028512000-7f80285d2000 ---p 00000000 00:00 0 
7f80285d2000-7f80287d2000 rw-p 00000000 00:00 0 
7f80287d2000-7f80287d5000 ---p 00000000 00:00 0 
7f80287d5000-7f8028ad3000 rw-p 00000000 00:00 0                          [stack:7458]
7f8028ad3000-7f8028cd3000 rw-p 00000000 00:00 0 
7f8028cd3000-7f8028ed3000 rw-p 00000000 00:00 0 
7f8028ed3000-7f80290d3000 rw-p 00000000 00:00 0 
7f80290d3000-7f80292d3000 rw-p 00000000 00:00 0 
7f80292d3000-7f80294d3000 rw-p 00000000 00:00 0 
7f80294d3000-7f80296d3000 rw-p 00000000 00:00 0 
7f80296d3000-7f80298d3000 rw-p 00000000 00:00 0 
7f80298d3000-7f8029ad3000 rw-p 00000000 00:00 0 
7f8029ad3000-7f8029cd3000 rw-p 00000000 00:00 0 
7f8029cd3000-7f8029ed3000 rw-p 00000000 00:00 0 
7f8029ed3000-7f8029ed6000 ---p 00000000 00:00 0 
7f8029ed6000-7f8029fd4000 rw-p 00000000 00:00 0 
7f8029fd4000-7f8029fd7000 ---p 00000000 00:00 0 
7f8029fd7000-7f802a2d5000 rw-p 00000000 00:00 0 
7f802a2d5000-7f802a4d5000 rw-p 00000000 00:00 0 
7f802a4d5000-7f802a6d5000 rw-p 00000000 00:00 0 
7f802a6d5000-7f802a8d5000 rw-p 00000000 00:00 0 
7f802a8d5000-7f802aad5000 rw-p 00000000 00:00 0 
7f802aad5000-7f802acd5000 rw-p 00000000 00:00 0 
7f802acd5000-7f802aed5000 rw-p 00000000 00:00 0 
7f802aed5000-7f802b0d5000 rw-p 00000000 00:00 0 
7f802b0d5000-7f802b2d5000 rw-p 00000000 00:00 0 
7f802b2d5000-7f802b4d5000 rw-p 00000000 00:00 0 
7f802b4d5000-7f802b6d5000 rw-p 00000000 00:00 0 
7f802b6d5000-7f802b6d8000 ---p 00000000 00:00 0 
7f802b6d8000-7f802b7d6000 rw-p 00000000 00:00 0 
7f802b7d6000-7f802b7d9000 ---p 00000000 00:00 0 
7f802b7d9000-7f802b8d7000 rw-p 00000000 00:00 0                          [stack:7121]
7f802b8d7000-7f802b8da000 ---p 00000000 00:00 0 
7f802b8da000-7f802bbd8000 rw-p 00000000 00:00 0 
7f802bbd8000-7f802bcfd000 rw-s 00000000 08:02 1058731                    /tmp/jfluidbuf1681561903110812407.tmp
7f802bcfd000-7f802bd00000 ---p 00000000 00:00 0 
7f802bd00000-7f802bdfe000 rw-p 00000000 00:00 0                          [stack:5936]
7f802bdfe000-7f802be01000 ---p 00000000 00:00 0 
7f802be01000-7f802beff000 rw-p 00000000 00:00 0                          [stack:5935]
7f802beff000-7f802bf02000 ---p 00000000 00:00 0 
7f802bf02000-7f802c000000 rw-p 00000000 00:00 0                          [stack:5932]
7f802c000000-7f802c021000 rw-p 00000000 00:00 0 
7f802c021000-7f8030000000 ---p 00000000 00:00 0 
7f80300c5000-7f80300cf000 r-xp 00000000 08:03 28443731                   /home/suse/sobngwi/java/visualvm_138/profiler/lib/deployed/jdk16/linux-amd64/libprofilerinterface.so
7f80300cf000-7f80301ce000 ---p 0000a000 08:03 28443731                   /home/suse/sobngwi/java/visualvm_138/profiler/lib/deployed/jdk16/linux-amd64/libprofilerinterface.so
7f80301ce000-7f80301cf000 rw-p 00009000 08:03 28443731                   /home/suse/sobngwi/java/visualvm_138/profiler/lib/deployed/jdk16/linux-amd64/libprofilerinterface.so
7f80301cf000-7f80301d9000 r-xp 00000000 08:03 8390863                    /home/suse/sobngwi/java/jdk1.8.0_31/jre/lib/amd64/libinstrument.so
7f80301d9000-7f80303d8000 ---p 0000a000 08:03 8390863                    /home/suse/sobngwi/java/jdk1.8.0_31/jre/lib/amd64/libinstrument.so
7f80303d8000-7f80303d9000 rw-p 00009000 08:03 8390863                    /home/suse/sobngwi/java/jdk1.8.0_31/jre/lib/amd64/libinstrument.so
7f80303d9000-7f80305d9000 rw-p 00000000 00:00 0 
7f80305d9000-7f80305dc000 ---p 00000000 00:00 0 
7f80305dc000-7f80306da000 rw-p 00000000 00:00 0                          [stack:5382]
7f80306da000-7f80306dd000 ---p 00000000 00:00 0 
7f80306dd000-7f80307db000 rw-p 00000000 00:00 0                          [stack:5380]
7f80307db000-7f80307de000 ---p 00000000 00:00 0 
7f80307de000-7f80308dc000 rw-p 00000000 00:00 0                          [stack:5378]
7f80308dc000-7f80308df000 ---p 00000000 00:00 0 
7f80308df000-7f80309dd000 rw-p 00000000 00:00 0                          [stack:5376]
7f80309dd000-7f80309e0000 ---p 00000000 00:00 0 
7f80309e0000-7f8030ade000 rw-p 00000000 00:00 0                          [stack:5372]
7f8030ade000-7f8030ae1000 ---p 00000000 00:00 0 
7f8030ae1000-7f8030bdf000 rw-p 00000000 00:00 0 
7f8030bdf000-7f8030be2000 ---p 00000000 00:00 0 
7f8030be2000-7f8030ce0000 rw-p 00000000 00:00 0                          [stack:5353]
7f8030ce0000-7f8030ce3000 ---p 00000000 00:00 0 
7f8030ce3000-7f8030fe1000 rw-p 00000000 00:00 0                          [stack:5346]
7f8030fe1000-7f80311e1000 rw-p 00000000 00:00 0 
7f80311e1000-7f80311e4000 ---p 00000000 00:00 0 
7f80311e4000-7f80312e2000 rw-p 00000000 00:00 0                          [stack:5335]
7f80312e2000-7f80312e5000 ---p 00000000 00:00 0 
7f80312e5000-7f80313e3000 rw-p 00000000 00:00 0 
7f80313e3000-7f80313e6000 ---p 00000000 00:00 0 
7f80313e6000-7f80314e4000 rw-p 00000000 00:00 0                          [stack:5325]
7f80314e4000-7f80314e7000 ---p 00000000 00:00 0 
7f80314e7000-7f80315e5000 rw-p 00000000 00:00 0                          [stack:5323]
7f80315e5000-7f80315e8000 ---p 00000000 00:00 0 
7f80315e8000-7f80316e6000 rw-p 00000000 00:00 0                          [stack:5322]
7f80316e6000-7f80316e9000 ---p 00000000 00:00 0 
7f80316e9000-7f80317e7000 rw-p 00000000 00:00 0                          [stack:5319]
7f80317e7000-7f80317ea000 ---p 00000000 00:00 0 
7f80317ea000-7f80318e8000 rw-p 00000000 00:00 0                          [stack:5317]
7f80318e8000-7f80318eb000 ---p 00000000 00:00 0 
7f80318eb000-7f80319e9000 rw-p 00000000 00:00 0                          [stack:5316]
7f80319e9000-7f80319ec000 ---p 00000000 00:00 0 
7f80319ec000-7f8031aea000 rw-p 00000000 00:00 0                          [stack:5315]
7f8031aea000-7f8031aed000 ---p 00000000 00:00 0 
7f8031aed000-7f8031beb000 rw-p 00000000 00:00 0                          [stack:5314]
7f8031beb000-7f8031bee000 ---p 00000000 00:00 0 
7f8031bee000-7f8031eec000 rw-p 00000000 00:00 0                          [stack:5313]
7f8031eec000-7f80320ec000 rw-p 00000000 00:00 0 
7f80320ec000-7f80322ec000 rw-p 00000000 00:00 0 
7f80322ec000-7f80324ec000 rw-p 00000000 00:00 0 
7f80324ec000-7f80326ec000 rw-p 00000000 00:00 0 
7f80326ec000-7f80328ec000 rw-p 00000000 00:00 0 
7f80328ec000-7f8032aec000 rw-p 00000000 00:00 0 
7f8032aec000-7f8032cec000 rw-p 00000000 00:00 0 
7f8032cec000-7f8032cef000 ---p 00000000 00:00 0 
7f8032cef000-7f8032fed000 rw-p 00000000 00:00 0                          [stack:5311]
7f8032fed000-7f80331ed000 rw-p 00000000 00:00 0 
7f80331ed000-7f80331f0000 ---p 00000000 00:00 0 
7f80331f0000-7f80334ee000 rw-p 00000000 00:00 0                          [stack:5310]
7f80334ee000-7f80336ee000 rw-p 00000000 00:00 0 
7f80336ee000-7f80338ee000 rw-p 00000000 00:00 0 
7f80338ee000-7f80338f1000 ---p 00000000 00:00 0 
7f80338f1000-7f80339ef000 rw-p 00000000 00:00 0                          [stack:5331]
7f80339ef000-7f8033a00000 r-xp 00000000 08:03 8390861                    /home/suse/sobngwi/java/jdk1.8.0_31/jre/lib/amd64/libnio.so
7f8033a00000-7f8033bff000 ---p 00011000 08:03 8390861                    /home/suse/sobngwi/java/jdk1.8.0_31/jre/lib/amd64/libnio.so
7f8033bff000-7f8033c00000 rw-p 00010000 08:03 8390861                    /home/suse/sobngwi/java/jdk1.8.0_31/jre/lib/amd64/libnio.so
7f8033c00000-7f8033e00000 rw-p 00000000 00:00 0 
7f8033e00000-7f8034000000 rw-p 00000000 00:00 0 
7f8034000000-7f8034021000 rw-p 00000000 00:00 0 
7f8034021000-7f8038000000 ---p 00000000 00:00 0 
7f80380b2000-7f80380b5000 ---p 00000000 00:00 0 
7f80380b5000-7f80380ec000 rw-p 00000000 00:00 0 
7f80380ec000-7f80380ed000 r--s 00003000 08:03 27528161                   /home/suse/sobngwi/java/visualvm_138/profiler/lib/jfluid-server-15.jar
7f80380ed000-7f80380f1000 r--s 00052000 08:03 27528160                   /home/suse/sobngwi/java/visualvm_138/profiler/lib/jfluid-server.jar
7f80380f1000-7f80380f6000 r--s 002f8000 08:03 8390658                    /home/suse/sobngwi/java/jdk1.8.0_31/jre/lib/charsets.jar
7f80380f6000-7f80380f9000 ---p 00000000 00:00 0 
7f80380f9000-7f80381f7000 rw-p 00000000 00:00 0                          [stack:5345]
7f80381f7000-7f80381fb000 r--s 00094000 08:03 8390709                    /home/suse/sobngwi/java/jdk1.8.0_31/jre/lib/jsse.jar
7f80381fb000-7f80383fb000 rw-p 00000000 00:00 0 
7f80383fb000-7f80385fb000 rw-p 00000000 00:00 0 
7f80385fb000-7f80387fb000 rw-p 00000000 00:00 0 
7f80387fb000-7f803880e000 r--s 00344000 08:03 8390695                    /home/suse/sobngwi/java/jdk1.8.0_31/jre/lib/resources.jar
7f803880e000-7f8038a0e000 rw-p 00000000 00:00 0 
7f8038a0e000-7f8038c0e000 rw-p 00000000 00:00 0 
7f8038c0e000-7f8038c16000 r-xp 00000000 08:03 8390866                    /home/suse/sobngwi/java/jdk1.8.0_31/jre/lib/amd64/libmanagement.so
7f8038c16000-7f8038e16000 ---p 00008000 08:03 8390866                    /home/suse/sobngwi/java/jdk1.8.0_31/jre/lib/amd64/libmanagement.so
7f8038e16000-7f8038e17000 rw-p 00008000 08:03 8390866                    /home/suse/sobngwi/java/jdk1.8.0_31/jre/lib/amd64/libmanagement.so
7f8038e17000-7f8038e33000 r--s 00393000 08:03 8390713                    /home/suse/sobngwi/java/jdk1.8.0_31/jre/lib/ext/cldrdata.jar
7f8038e33000-7f8038e3e000 r--s 00116000 08:03 8390719                    /home/suse/sobngwi/java/jdk1.8.0_31/jre/lib/ext/localedata.jar
7f8038e3e000-7f8038e73000 r--s 00000000 00:11 13992                      /run/nscd/dbVXXbj2 (deleted)
7f8038e73000-7f8038e89000 r-xp 00000000 08:03 8390858                    /home/suse/sobngwi/java/jdk1.8.0_31/jre/lib/amd64/libnet.so
7f8038e89000-7f8039089000 ---p 00016000 08:03 8390858                    /home/suse/sobngwi/java/jdk1.8.0_31/jre/lib/amd64/libnet.so
7f8039089000-7f803908a000 rw-p 00016000 08:03 8390858                    /home/suse/sobngwi/java/jdk1.8.0_31/jre/lib/amd64/libnet.so
7f803908a000-7f80390b0000 r--p 00000000 08:02 1188421                    /usr/share/locale/fr/LC_MESSAGES/libc.mo
7f80390b0000-7f80390bc000 r--s 0006f000 08:03 26609707                   /home/suse/.m2/repository/org/springframework/spring-test/4.1.4.RELEASE/spring-test-4.1.4.RELEASE.jar
7f80390bc000-7f80390be000 r--s 00009000 08:03 7735054                    /home/suse/.m2/repository/org/hamcrest/hamcrest-core/1.3/hamcrest-core-1.3.jar
7f80390be000-7f80390c6000 r--s 00045000 08:03 26610402                   /home/suse/.m2/repository/junit/junit/4.12/junit-4.12.jar
7f80390c6000-7f80390db000 r--s 000e1000 08:03 26740996                   /home/suse/.m2/repository/net/sf/ehcache/ehcache-core/2.4.3/ehcache-core-2.4.3.jar
7f80390db000-7f80390df000 r--s 0001e000 08:03 27788346                   /home/suse/.m2/repository/org/hibernate/hibernate-ehcache/4.3.7.Final/hibernate-ehcache-4.3.7.Final.jar
7f80390df000-7f80390e5000 r--s 00033000 08:03 26739431                   /home/suse/.m2/repository/commons-codec/commons-codec/1.6/commons-codec-1.6.jar
7f80390e5000-7f80390ec000 r--s 0003f000 08:03 33032071                   /home/suse/.m2/repository/org/apache/httpcomponents/httpcore/4.3.3/httpcore-4.3.3.jar
7f80390ec000-7f80390f8000 r--s 00085000 08:03 33032068                   /home/suse/.m2/repository/org/apache/httpcomponents/httpclient/4.3.6/httpclient-4.3.6.jar
7f80390f8000-7f8039100000 r--s 0005c000 08:03 29230831                   /home/suse/.m2/repository/org/springframework/security/spring-security-config/3.2.5.RELEASE/spring-security-config-3.2.5.RELEASE.jar
7f8039100000-7f803910b000 r--s 0004f000 08:03 29230828                   /home/suse/.m2/repository/org/springframework/security/spring-security-core/3.2.5.RELEASE/spring-security-core-3.2.5.RELEASE.jar
7f803910b000-7f803910d000 r--s 00000000 08:03 7735076                    /home/suse/.m2/repository/aopalliance/aopalliance/1.0/aopalliance-1.0.jar
7f803910d000-7f8039117000 r--s 0004a000 08:03 29230843                   /home/suse/.m2/repository/org/springframework/security/spring-security-web/3.2.5.RELEASE/spring-security-web-3.2.5.RELEASE.jar
7f8039117000-7f8039119000 r--s 00003000 08:03 29626426                   /home/suse/.m2/repository/com/fasterxml/jackson/datatype/jackson-datatype-hibernate4/2.4.0/jackson-datatype-hibernate4-2.4.0.jar
7f8039119000-7f803911c000 r--s 00007000 08:03 33424617                   /home/suse/.m2/repository/com/fasterxml/jackson/core/jackson-annotations/2.4.4/jackson-annotations-2.4.4.jar
7f803911c000-7f803912d000 r--s 000f6000 08:03 33424614                   /home/suse/.m2/repository/com/fasterxml/jackson/core/jackson-databind/2.4.4/jackson-databind-2.4.4.jar
7f803912d000-7f8039131000 r--s 00034000 08:03 33424611                   /home/suse/.m2/repository/com/fasterxml/jackson/core/jackson-core/2.4.4/jackson-core-2.4.4.jar
7f8039131000-7f8039133000 r--s 00004000 08:03 26610378                   /home/suse/.m2/repository/javax/xml/stream/stax-api/1.0-2/stax-api-1.0-2.jar
7f8039133000-7f8039135000 r--s 00005000 08:03 27920579                   /home/suse/.m2/repository/stax/stax-api/1.0.1/stax-api-1.0.1.jar
7f8039135000-7f8039138000 r--s 00029000 08:03 27920576                   /home/suse/.m2/repository/stax/stax/1.2.0/stax-1.2.0.jar
7f8039138000-7f8039139000 r--s 00000000 08:03 26738696                   /home/suse/.m2/repository/javax/inject/javax.inject/1/javax.inject-1.jar
7f8039139000-7f8039147000 r--s 0007f000 08:03 7735105                    /home/suse/.m2/repository/commons-collections/commons-collections/3.2.1/commons-collections-3.2.1.jar
7f8039147000-7f803914c000 r--s 00041000 08:03 26739446                   /home/suse/.m2/repository/commons-lang/commons-lang/2.6/commons-lang-2.6.jar
7f803914c000-7f803914e000 r--s 0000d000 08:03 7735298                    /home/suse/.m2/repository/commons-logging/commons-logging/1.1.1/commons-logging-1.1.1.jar
7f803914e000-7f8039151000 r--s 0000a000 08:03 27920573                   /home/suse/.m2/repository/org/codehaus/castor/castor-core/1.3.3/castor-core-1.3.3.jar
7f8039151000-7f8039162000 r--s 000c5000 08:03 27789920                   /home/suse/.m2/repository/org/codehaus/castor/castor-xml/1.3.3/castor-xml-1.3.3.jar
7f8039162000-7f803916b000 r--s 0006f000 08:03 7735056                    /home/suse/.m2/repository/log4j/log4j/1.2.17/log4j-1.2.17.jar
7f803916b000-7f8039196000 r--s 001fc000 08:03 27266148                   /home/suse/.m2/repository/com/google/guava/guava/18.0/guava-18.0.jar
7f8039196000-7f8039198000 r--s 0000b000 08:03 29492891                   /home/suse/.m2/repository/org/jadira/usertype/usertype.spi/3.0.0.GA/usertype.spi-3.0.0.GA.jar
7f8039198000-7f803919a000 r--s 0000c000 08:03 28574199                   /home/suse/.m2/repository/org/joda/joda-money/0.6/joda-money-0.6.jar
7f803919a000-7f803919f000 r--s 0001b000 08:03 29492888                   /home/suse/.m2/repository/org/jadira/usertype/usertype.core/3.0.0.GA/usertype.core-3.0.0.GA.jar
7f803919f000-7f80391ae000 r--s 00081000 08:03 28182717                   /home/suse/.m2/repository/joda-time/joda-time/2.5/joda-time-2.5.jar
7f80391ae000-7f80391bb000 r--s 0018f000 08:03 33424652                   /home/suse/.m2/repository/com/h2database/h2/1.4.183/h2-1.4.183.jar
7f80391bb000-7f80391c0000 r--s 00017000 08:03 7735102                    /home/suse/.m2/repository/org/hibernate/javax/persistence/hibernate-jpa-2.1-api/1.0.0.Final/hibernate-jpa-2.1-api-1.0.0.Final.jar
7f80391c0000-7f80391ca000 r--s 000a5000 08:03 7735095                    /home/suse/.m2/repository/org/javassist/javassist/3.18.1-GA/javassist-3.18.1-GA.jar
7f80391ca000-7f80391cb000 r--s 00006000 08:03 7735086                    /home/suse/.m2/repository/org/jboss/spec/javax/transaction/jboss-transaction-api_1.2_spec/1.0.0.Final/jboss-transaction-api_1.2_spec-1.0.0.Final.jar
7f80391cb000-7f80391ce000 r--s 00010000 08:03 7735092                    /home/suse/.m2/repository/org/hibernate/common/hibernate-commons-annotations/4.0.5.Final/hibernate-commons-annotations-4.0.5.Final.jar
7f80391ce000-7f80391d3000 r--s 00016000 08:03 7735090                    /home/suse/.m2/repository/xml-apis/xml-apis/1.0.b2/xml-apis-1.0.b2.jar
7f80391d3000-7f80391d8000 r--s 00048000 08:03 7735088                    /home/suse/.m2/repository/dom4j/dom4j/1.6.1/dom4j-1.6.1.jar
7f80391d8000-7f80391da000 r--s 00011000 08:03 7735098                    /home/suse/.m2/repository/org/jboss/jandex/1.1.0.Final/jandex-1.1.0.Final.jar
7f80391da000-7f80391df000 r--s 00068000 08:03 7735097                    /home/suse/.m2/repository/antlr/antlr/2.7.7/antlr-2.7.7.jar
7f80391df000-7f803923d000 r--s 004a9000 08:03 27788343                   /home/suse/.m2/repository/org/hibernate/hibernate-core/4.3.7.Final/hibernate-core-4.3.7.Final.jar
7f803923d000-7f803923e000 r--s 00002000 08:03 7735085                    /home/suse/.m2/repository/org/jboss/logging/jboss-logging-annotations/1.2.0.Beta1/jboss-logging-annotations-1.2.0.Beta1.jar
7f803923e000-7f8039240000 r--s 0000c000 08:03 7735083                    /home/suse/.m2/repository/org/jboss/logging/jboss-logging/3.1.3.GA/jboss-logging-3.1.3.GA.jar
7f8039240000-7f803924e000 r--s 00091000 08:03 27788338                   /home/suse/.m2/repository/org/hibernate/hibernate-entitymanager/4.3.7.Final/hibernate-entitymanager-4.3.7.Final.jar
7f803924e000-7f8039251000 r--s 00012000 08:03 27003065                   /home/suse/.m2/repository/org/springframework/spring-oxm/4.1.4.RELEASE/spring-oxm-4.1.4.RELEASE.jar
7f8039251000-7f8039260000 r--s 000b0000 08:03 26609680                   /home/suse/.m2/repository/org/springframework/spring-webmvc/4.1.4.RELEASE/spring-webmvc-4.1.4.RELEASE.jar
7f8039260000-7f8039270000 r--s 0009f000 08:03 26609701                   /home/suse/.m2/repository/org/springframework/spring-web/4.1.4.RELEASE/spring-web-4.1.4.RELEASE.jar
7f8039270000-7f8039277000 r--s 00037000 08:03 26609704                   /home/suse/.m2/repository/org/springframework/spring-tx/4.1.4.RELEASE/spring-tx-4.1.4.RELEASE.jar
7f8039277000-7f8039281000 r--s 0005f000 08:03 26739568                   /home/suse/.m2/repository/org/springframework/spring-jdbc/4.1.4.RELEASE/spring-jdbc-4.1.4.RELEASE.jar
7f8039281000-7f8039289000 r--s 00054000 08:03 26739565                   /home/suse/.m2/repository/org/springframework/spring-orm/4.1.4.RELEASE/spring-orm-4.1.4.RELEASE.jar
7f8039289000-7f803928b000 r--s 00003000 08:03 27790124                   /home/suse/.m2/repository/org/slf4j/jcl-over-slf4j/1.7.8/jcl-over-slf4j-1.7.8.jar
7f803928b000-7f803928c000 r--s 00007000 08:03 27528396                   /home/suse/.m2/repository/org/slf4j/slf4j-api/1.7.8/slf4j-api-1.7.8.jar
7f803928c000-7f8039290000 r--s 00019000 08:03 29230900                   /home/suse/.m2/repository/org/aspectj/aspectjrt/1.8.4/aspectjrt-1.8.4.jar
7f8039290000-7f803929d000 r--s 0006d000 08:03 29230855                   /home/suse/.m2/repository/org/springframework/data/spring-data-commons/1.9.1.RELEASE/spring-data-commons-1.9.1.RELEASE.jar
7f803929d000-7f80392a3000 r--s 00030000 08:03 29231303                   /home/suse/.m2/repository/org/springframework/data/spring-data-jpa/1.7.1.RELEASE/spring-data-jpa-1.7.1.RELEASE.jar
7f80392a3000-7f80392a8000 r--s 0003b000 08:03 26609698                   /home/suse/.m2/repository/org/springframework/spring-expression/4.1.4.RELEASE/spring-expression-4.1.4.RELEASE.jar
7f80392a8000-7f80392b5000 r--s 000a0000 08:03 26609683                   /home/suse/.m2/repository/org/springframework/spring-beans/4.1.4.RELEASE/spring-beans-4.1.4.RELEASE.jar
7f80392b5000-7f80392be000 r--s 0004f000 08:03 26609689                   /home/suse/.m2/repository/org/springframework/spring-aop/4.1.4.RELEASE/spring-aop-4.1.4.RELEASE.jar
7f80392be000-7f80392d6000 r--s 000e3000 08:03 26609686                   /home/suse/.m2/repository/org/springframework/spring-context/4.1.4.RELEASE/spring-context-4.1.4.RELEASE.jar
7f80392d6000-7f80392d8000 r--s 00026000 08:03 29626281                   /home/suse/.m2/repository/org/ajar/swagger-spring-mvc-ui/0.1/swagger-spring-mvc-ui-0.1.jar
7f80392d8000-7f80392dc000 r--s 0000f000 08:03 33032514                   /home/suse/.m2/repository/com/google/code/findbugs/annotations/2.0.1/annotations-2.0.1.jar
7f80392dc000-7f80392df000 r--s 00020000 08:03 33032511                   /home/suse/.m2/repository/org/reflections/reflections/0.9.9/reflections-0.9.9.jar
7f80392df000-7f80392e1000 r--s 0000a000 08:03 26611163                   /home/suse/.m2/repository/javax/ws/rs/jsr311-api/1.1.1/jsr311-api-1.1.1.jar
7f80392e1000-7f8039353000 r--s 0065a000 08:03 33032508                   /home/suse/.m2/repository/org/scala-lang/scala-library/2.10.4/scala-library-2.10.4.jar
7f8039353000-7f8039357000 r--s 00024000 08:03 33032505                   /home/suse/.m2/repository/com/wordnik/swagger-jaxrs_2.10/1.3.12/swagger-jaxrs_2.10-1.3.12.jar
7f8039357000-7f8039359000 r--s 0000d000 08:03 28181241                   /home/suse/.m2/repository/com/fasterxml/classmate/1.0.0/classmate-1.0.0.jar
7f8039359000-7f803935f000 r--s 0004b000 08:03 29626294                   /home/suse/.m2/repository/cglib/cglib-nodep/3.1/cglib-nodep-3.1.jar
7f803935f000-7f8039362000 r--s 0000c000 08:03 29626292                   /home/suse/.m2/repository/com/mangofactory/swagger/swagger-models/0.8.8/swagger-models-0.8.8.jar
7f8039362000-7f8039363000 r--s 0000a000 08:03 26609739                   /home/suse/.m2/repository/asm/asm/3.1/asm-3.1.jar
7f8039363000-7f803936a000 r--s 0003e000 08:03 29361579                   /home/suse/.m2/repository/cglib/cglib/2.2/cglib-2.2.jar
7f803936a000-7f803936b000 r--s 00009000 08:03 29626354                   /home/suse/.m2/repository/org/json4s/json4s-jackson_2.10/3.2.5/json4s-jackson_2.10-3.2.5.jar
7f803936b000-7f803938c000 rw-p 00000000 00:00 0 
7f803938c000-7f803947f000 r--s 00c8c000 08:03 26611157                   /home/suse/.m2/repository/org/scala-lang/scala-compiler/2.10.0/scala-compiler-2.10.0.jar
7f803947f000-7f8039492000 r--s 000be000 08:03 26611154                   /home/suse/.m2/repository/org/scala-lang/scalap/2.10.0/scalap-2.10.0.jar
7f8039492000-7f8039495000 r--s 00013000 08:03 29493193                   /home/suse/.m2/repository/org/json4s/json4s-ast_2.10/3.2.5/json4s-ast_2.10-3.2.5.jar
7f8039495000-7f803949f000 r--s 00084000 08:03 29493191                   /home/suse/.m2/repository/org/json4s/json4s-core_2.10/3.2.5/json4s-core_2.10-3.2.5.jar
7f803949f000-7f80394a1000 r--s 0000f000 08:03 29493189                   /home/suse/.m2/repository/org/json4s/json4s-native_2.10/3.2.5/json4s-native_2.10-3.2.5.jar
7f80394a1000-7f80394a3000 r--s 00008000 08:03 26611142                   /home/suse/.m2/repository/org/joda/joda-convert/1.2/joda-convert-1.2.jar
7f80394a3000-7f80394a6000 r--s 00010000 08:03 29493187                   /home/suse/.m2/repository/org/json4s/json4s-ext_2.10/3.2.5/json4s-ext_2.10-3.2.5.jar
7f80394a6000-7f80394a7000 r--s 00001000 08:03 29493185                   /home/suse/.m2/repository/com/wordnik/swagger-annotations/1.3.5/swagger-annotations-1.3.5.jar
7f80394a7000-7f80394a8000 r--s 00007000 08:03 26611130                   /home/suse/.m2/repository/com/fasterxml/jackson/module/jackson-module-jaxb-annotations/2.0.0/jackson-module-jaxb-annotations-2.0.0.jar
7f80394a8000-7f80394aa000 r--s 00005000 08:03 26611127                   /home/suse/.m2/repository/com/fasterxml/jackson/jaxrs/jackson-jaxrs-json-provider/2.0.0/jackson-jaxrs-json-provider-2.0.0.jar
7f80394aa000-7f80394ad000 r--s 0000a000 08:03 26611124                   /home/suse/.m2/repository/com/fasterxml/jackson/module/jackson-module-jsonSchema/2.1.0/jackson-module-jsonSchema-2.1.0.jar
7f80394ad000-7f80394e0000 r--s 002ce000 08:03 26611118                   /home/suse/.m2/repository/org/scala-lang/scala-reflect/2.10.0/scala-reflect-2.10.0.jar
7f80394e0000-7f80394e2000 r--s 00006000 08:03 26611115                   /home/suse/.m2/repository/com/thoughtworks/paranamer/paranamer/2.3/paranamer-2.3.jar
7f80394e2000-7f80394fe000 r--s 000e9000 08:03 26611106                   /home/suse/.m2/repository/com/fasterxml/jackson/module/jackson-module-scala_2.10/2.1.5/jackson-module-scala_2.10-2.1.5.jar
7f80394fe000-7f8039510000 r--s 00093000 08:03 29493183                   /home/suse/.m2/repository/com/wordnik/swagger-core_2.10/1.3.5/swagger-core_2.10-1.3.5.jar
7f8039510000-7f8039514000 r--s 0001c000 08:03 29493180                   /home/suse/.m2/repository/com/mangofactory/swagger-springmvc/0.8.8/swagger-springmvc-0.8.8.jar
7f8039514000-7f803951c000 r--s 0003a000 08:03 33032065                   /home/suse/.m2/repository/org/springframework/boot/spring-boot-actuator/1.2.1.RELEASE/spring-boot-actuator-1.2.1.RELEASE.jar
7f803951c000-7f8039530000 r--s 000e2000 08:03 26609692                   /home/suse/.m2/repository/org/springframework/spring-core/4.1.4.RELEASE/spring-core-4.1.4.RELEASE.jar
7f8039530000-7f8039534000 r--s 0000c000 08:03 27919038                   /home/suse/.m2/repository/javax/validation/validation-api/1.1.0.Final/validation-api-1.1.0.Final.jar
7f8039534000-7f8039542000 r--s 0008d000 08:03 28181228                   /home/suse/.m2/repository/org/hibernate/hibernate-validator/5.1.3.Final/hibernate-validator-5.1.3.Final.jar
7f8039542000-7f8039547000 r--s 00034000 08:03 33032059                   /home/suse/.m2/repository/org/apache/tomcat/embed/tomcat-embed-websocket/8.0.15/tomcat-embed-websocket-8.0.15.jar
7f8039547000-7f8039549000 r--s 00009000 08:03 33032056                   /home/suse/.m2/repository/org/apache/tomcat/embed/tomcat-embed-logging-juli/8.0.15/tomcat-embed-logging-juli-8.0.15.jar
7f8039549000-7f8039550000 r--s 0003d000 08:03 33032044                   /home/suse/.m2/repository/org/yaml/snakeyaml/1.14/snakeyaml-1.14.jar
7f8039550000-7f803955a000 r--s 0005f000 08:03 26609614                   /home/suse/.m2/repository/ch/qos/logback/logback-core/1.1.2/logback-core-1.1.2.jar
7f803955a000-7f8039560000 r--s 0003d000 08:03 26609611                   /home/suse/.m2/repository/ch/qos/logback/logback-classic/1.1.2/logback-classic-1.1.2.jar
7f8039560000-7f803956f000 r--s 00064000 08:03 33032038                   /home/suse/.m2/repository/org/springframework/boot/spring-boot-autoconfigure/1.2.1.RELEASE/spring-boot-autoconfigure-1.2.1.RELEASE.jar
7f803956f000-7f8039579000 r--s 0005c000 08:03 33032035                   /home/suse/.m2/repository/org/springframework/boot/spring-boot/1.2.1.RELEASE/spring-boot-1.2.1.RELEASE.jar
7f8039579000-7f8039592000 r--s 001ae000 08:03 26869822                   /home/suse/.m2/repository/org/aspectj/aspectjweaver/1.8.4/aspectjweaver-1.8.4.jar
7f8039592000-7f80395a4000 r--s 00220000 08:03 28968491                   /home/suse/.m2/repository/org/eclipse/jdt/core/compiler/ecj/4.4/ecj-4.4.jar
7f80395a4000-7f80395c9000 r--s 0028d000 08:03 33032050                   /home/suse/.m2/repository/org/apache/tomcat/embed/tomcat-embed-core/8.0.15/tomcat-embed-core-8.0.15.jar
7f80395c9000-7f80395d2000 r--s 00094000 08:03 28839936                   /home/suse/.m2/repository/org/apache/tomcat/embed/tomcat-embed-jasper/8.0.15/tomcat-embed-jasper-8.0.15.jar
7f80395d2000-7f80395d3000 ---p 00000000 00:00 0 
7f80395d3000-7f80396d3000 rw-p 00000000 00:00 0                          [stack:5170]
7f80396d3000-7f80396d6000 ---p 00000000 00:00 0 
7f80396d6000-7f80397d4000 rw-p 00000000 00:00 0                          [stack:5169]
7f80397d4000-7f80397d7000 ---p 00000000 00:00 0 
7f80397d7000-7f80398d5000 rw-p 00000000 00:00 0                          [stack:5168]
7f80398d5000-7f80398d8000 ---p 00000000 00:00 0 
7f80398d8000-7f80399d6000 rw-p 00000000 00:00 0                          [stack:5167]
7f80399d6000-7f80399d9000 ---p 00000000 00:00 0 
7f80399d9000-7f8039ad7000 rw-p 00000000 00:00 0                          [stack:5166]
7f8039ad7000-7f8039ada000 ---p 00000000 00:00 0 
7f8039ada000-7f8039bd8000 rw-p 00000000 00:00 0                          [stack:5165]
7f8039bd8000-7f8039c17000 r--p 00000000 08:02 656917                     /usr/lib/locale/fr_FR.utf8/LC_CTYPE
7f8039c17000-7f8039d47000 r--p 00000000 08:02 656916                     /usr/lib/locale/fr_FR.utf8/LC_COLLATE
7f8039d47000-7f8039d4a000 ---p 00000000 00:00 0 
7f8039d4a000-7f8039e48000 rw-p 00000000 00:00 0                          [stack:5164]
7f8039e48000-7f8039e4b000 ---p 00000000 00:00 0 
7f8039e4b000-7f8039f49000 rw-p 00000000 00:00 0                          [stack:5163]
7f8039f49000-7f8039f4a000 ---p 00000000 00:00 0 
7f8039f4a000-7f803af7a000 rw-p 00000000 00:00 0                          [stack:5162]
7f803af7a000-7f803b150000 r--s 03cae000 08:03 8390660                    /home/suse/sobngwi/java/jdk1.8.0_31/jre/lib/rt.jar
7f803b150000-7f803d000000 rw-p 00000000 00:00 0 
7f803d000000-7f803edb0000 rwxp 00000000 00:00 0 
7f803edb0000-7f804c000000 ---p 00000000 00:00 0 
7f804c000000-7f804d33a000 rw-p 00000000 00:00 0 
7f804d33a000-7f8050000000 ---p 00000000 00:00 0 
7f8050000000-7f8050001000 r--s 00000000 08:03 33032062                   /home/suse/.m2/repository/org/springframework/boot/spring-boot-starter-actuator/1.2.1.RELEASE/spring-boot-starter-actuator-1.2.1.RELEASE.jar
7f8050001000-7f8050002000 r--s 00000000 08:03 33032047                   /home/suse/.m2/repository/org/springframework/boot/spring-boot-starter-tomcat/1.2.1.RELEASE/spring-boot-starter-tomcat-1.2.1.RELEASE.jar
7f8050002000-7f8050003000 r--s 00005000 08:03 27920702                   /home/suse/.m2/repository/org/slf4j/log4j-over-slf4j/1.7.8/log4j-over-slf4j-1.7.8.jar
7f8050003000-7f8050005000 r--s 00000000 08:03 28313215                   /home/suse/.m2/repository/org/slf4j/jul-to-slf4j/1.7.8/jul-to-slf4j-1.7.8.jar
7f8050005000-7f8050006000 r--s 00000000 08:03 33032041                   /home/suse/.m2/repository/org/springframework/boot/spring-boot-starter-logging/1.2.1.RELEASE/spring-boot-starter-logging-1.2.1.RELEASE.jar
7f8050006000-7f8050af8000 rw-p 00000000 00:00 0 
7f8050af8000-7f8050af9000 ---p 00000000 00:00 0 
7f8050af9000-7f8050bf9000 rw-p 00000000 00:00 0                          [stack:5161]
7f8050bf9000-7f8050bfa000 ---p 00000000 00:00 0 
7f8050bfa000-7f8050cfa000 rw-p 00000000 00:00 0                          [stack:5160]
7f8050cfa000-7f8050cfb000 ---p 00000000 00:00 0 
7f8050cfb000-7f8050dfb000 rw-p 00000000 00:00 0                          [stack:5159]
7f8050dfb000-7f8050dfc000 ---p 00000000 00:00 0 
7f8050dfc000-7f8050f4f000 rw-p 00000000 00:00 0                          [stack:5158]
7f8050f4f000-7f8051044000 ---p 00000000 00:00 0 
7f8051044000-7f8051097000 rw-p 00000000 00:00 0 
7f8051097000-7f805118b000 ---p 00000000 00:00 0 
7f805118b000-7f805122f000 rw-p 00000000 00:00 0 
7f805122f000-7f80512a7000 rw-p 00000000 00:00 0 
7f80512a7000-7f80515f0000 ---p 00000000 00:00 0 
7f80515f0000-7f805160a000 r-xp 00000000 08:03 8390854                    /home/suse/sobngwi/java/jdk1.8.0_31/jre/lib/amd64/libzip.so
7f805160a000-7f805180a000 ---p 0001a000 08:03 8390854                    /home/suse/sobngwi/java/jdk1.8.0_31/jre/lib/amd64/libzip.so
7f805180a000-7f805180b000 rw-p 0001a000 08:03 8390854                    /home/suse/sobngwi/java/jdk1.8.0_31/jre/lib/amd64/libzip.so
7f805180b000-7f8051835000 r-xp 00000000 08:03 8390849                    /home/suse/sobngwi/java/jdk1.8.0_31/jre/lib/amd64/libjava.so
7f8051835000-7f8051a35000 ---p 0002a000 08:03 8390849                    /home/suse/sobngwi/java/jdk1.8.0_31/jre/lib/amd64/libjava.so
7f8051a35000-7f8051a37000 rw-p 0002a000 08:03 8390849                    /home/suse/sobngwi/java/jdk1.8.0_31/jre/lib/amd64/libjava.so
7f8051a37000-7f8051a44000 r-xp 00000000 08:03 8390853                    /home/suse/sobngwi/java/jdk1.8.0_31/jre/lib/amd64/libverify.so
7f8051a44000-7f8051c44000 ---p 0000d000 08:03 8390853                    /home/suse/sobngwi/java/jdk1.8.0_31/jre/lib/amd64/libverify.so
7f8051c44000-7f8051c46000 rw-p 0000d000 08:03 8390853                    /home/suse/sobngwi/java/jdk1.8.0_31/jre/lib/amd64/libverify.so
7f8051c46000-7f8051c4d000 r-xp 00000000 08:02 158387                     /lib64/librt-2.19.so
7f8051c4d000-7f8051e4c000 ---p 00007000 08:02 158387                     /lib64/librt-2.19.so
7f8051e4c000-7f8051e4d000 r--p 00006000 08:02 158387                     /lib64/librt-2.19.so
7f8051e4d000-7f8051e4e000 rw-p 00007000 08:02 158387                     /lib64/librt-2.19.so
7f8051e4e000-7f8051f4e000 r-xp 00000000 08:02 158367                     /lib64/libm-2.19.so
7f8051f4e000-7f805214d000 ---p 00100000 08:02 158367                     /lib64/libm-2.19.so
7f805214d000-7f805214e000 r--p 000ff000 08:02 158367                     /lib64/libm-2.19.so
7f805214e000-7f805214f000 rw-p 00100000 08:02 158367                     /lib64/libm-2.19.so
7f805214f000-7f8052dbd000 r-xp 00000000 08:03 8390835                    /home/suse/sobngwi/java/jdk1.8.0_31/jre/lib/amd64/server/libjvm.so
7f8052dbd000-7f8052fbc000 ---p 00c6e000 08:03 8390835                    /home/suse/sobngwi/java/jdk1.8.0_31/jre/lib/amd64/server/libjvm.so
7f8052fbc000-7f8053092000 rw-p 00c6d000 08:03 8390835                    /home/suse/sobngwi/java/jdk1.8.0_31/jre/lib/amd64/server/libjvm.so
7f8053092000-7f80530d5000 rw-p 00000000 00:00 0 
7f80530d5000-7f8053273000 r-xp 00000000 08:02 131382                     /lib64/libc-2.19.so
7f8053273000-7f8053473000 ---p 0019e000 08:02 131382                     /lib64/libc-2.19.so
7f8053473000-7f8053477000 r--p 0019e000 08:02 131382                     /lib64/libc-2.19.so
7f8053477000-7f8053479000 rw-p 001a2000 08:02 131382                     /lib64/libc-2.19.so
7f8053479000-7f805347d000 rw-p 00000000 00:00 0 
7f805347d000-7f8053480000 r-xp 00000000 08:02 158365                     /lib64/libdl-2.19.so
7f8053480000-7f805367f000 ---p 00003000 08:02 158365                     /lib64/libdl-2.19.so
7f805367f000-7f8053680000 r--p 00002000 08:02 158365                     /lib64/libdl-2.19.so
7f8053680000-7f8053681000 rw-p 00003000 08:02 158365                     /lib64/libdl-2.19.so
7f8053681000-7f8053696000 r-xp 00000000 08:03 8390476                    /home/suse/sobngwi/java/jdk1.8.0_31/lib/amd64/jli/libjli.so
7f8053696000-7f8053895000 ---p 00015000 08:03 8390476                    /home/suse/sobngwi/java/jdk1.8.0_31/lib/amd64/jli/libjli.so
7f8053895000-7f8053896000 rw-p 00014000 08:03 8390476                    /home/suse/sobngwi/java/jdk1.8.0_31/lib/amd64/jli/libjli.so
7f8053896000-7f80538ae000 r-xp 00000000 08:02 131348                     /lib64/libpthread-2.19.so
7f80538ae000-7f8053aad000 ---p 00018000 08:02 131348                     /lib64/libpthread-2.19.so
7f8053aad000-7f8053aae000 r--p 00017000 08:02 131348                     /lib64/libpthread-2.19.so
7f8053aae000-7f8053aaf000 rw-p 00018000 08:02 131348                     /lib64/libpthread-2.19.so
7f8053aaf000-7f8053ab3000 rw-p 00000000 00:00 0 
7f8053ab3000-7f8053ad3000 r-xp 00000000 08:02 140394                     /lib64/ld-2.19.so
7f8053ad3000-7f8053ad4000 r--s 00000000 08:03 33032032                   /home/suse/.m2/repository/org/springframework/boot/spring-boot-starter/1.2.1.RELEASE/spring-boot-starter-1.2.1.RELEASE.jar
7f8053ad4000-7f8053ad5000 r--s 00000000 08:03 33032029                   /home/suse/.m2/repository/org/springframework/boot/spring-boot-starter-web/1.2.1.RELEASE/spring-boot-starter-web-1.2.1.RELEASE.jar
7f8053ad5000-7f8053ad9000 r--s 00036000 08:03 33032053                   /home/suse/.m2/repository/org/apache/tomcat/embed/tomcat-embed-el/8.0.15/tomcat-embed-el-8.0.15.jar
7f8053ad9000-7f8053ada000 r--p 00000000 08:02 533321                     /usr/lib/locale/fr_FR.utf8/LC_NUMERIC
7f8053ada000-7f8053adb000 r--p 00000000 08:02 531689                     /usr/lib/locale/fr_FR.utf8/LC_TIME
7f8053adb000-7f8053adc000 r--p 00000000 08:02 533318                     /usr/lib/locale/fr_FR.utf8/LC_MONETARY
7f8053adc000-7f8053add000 r--p 00000000 08:02 533317                     /usr/lib/locale/fr_FR.utf8/LC_MESSAGES/SYS_LC_MESSAGES
7f8053add000-7f8053ade000 r--p 00000000 08:02 666192                     /usr/lib/locale/fr_FR.utf8/LC_PAPER
7f8053ade000-7f8053adf000 r--p 00000000 08:02 656934                     /usr/lib/locale/fr_FR.utf8/LC_NAME
7f8053adf000-7f8053ba4000 rw-p 00000000 00:00 0 
7f8053ba4000-7f8053ba7000 ---p 00000000 00:00 0 
7f8053ba7000-7f8053ca9000 rw-p 00000000 00:00 0                          [stack:5157]
7f8053ca9000-7f8053caa000 r--p 00000000 08:02 531686                     /usr/lib/locale/fr_FR.utf8/LC_ADDRESS
7f8053caa000-7f8053cab000 r--p 00000000 08:02 533322                     /usr/lib/locale/fr_FR.utf8/LC_TELEPHONE
7f8053cab000-7f8053cac000 r--p 00000000 08:02 666191                     /usr/lib/locale/fr_FR.utf8/LC_MEASUREMENT
7f8053cac000-7f8053cb3000 r--s 00000000 08:02 9786                       /usr/lib64/gconv/gconv-modules.cache
7f8053cb3000-7f8053cb4000 r--p 00000000 08:02 531687                     /usr/lib/locale/fr_FR.utf8/LC_IDENTIFICATION
7f8053cb4000-7f8053cc8000 rw-p 00000000 00:00 0 
7f8053cc8000-7f8053cd0000 rw-s 00000000 08:02 1058706                    /tmp/hsperfdata_suse/5152
7f8053cd0000-7f8053cd1000 rw-p 00000000 00:00 0 
7f8053cd1000-7f8053cd2000 ---p 00000000 00:00 0 
7f8053cd2000-7f8053cd3000 rw-p 00000000 00:00 0 
7f8053cd3000-7f8053cd4000 r--p 00020000 08:02 140394                     /lib64/ld-2.19.so
7f8053cd4000-7f8053cd5000 rw-p 00021000 08:02 140394                     /lib64/ld-2.19.so
7f8053cd5000-7f8053cd6000 rw-p 00000000 00:00 0 
7fff8555d000-7fff85581000 rw-p 00000000 00:00 0                          [stack]
7fff855fc000-7fff855fe000 r-xp 00000000 00:00 0                          [vdso]
7fff855fe000-7fff85600000 r--p 00000000 00:00 0                          [vvar]
ffffffffff600000-ffffffffff601000 r-xp 00000000 00:00 0                  [vsyscall]

VM Arguments:
jvm_args: -Dfile.encoding=UTF-8 
java_command: org.sobngwi.swagger.Application
java_class_path (initial): /home/suse/sobngwi/eclipse/sts/sts-bundle/sts-3.6.3.RELEASE/projects/rest-swagger-aso-1.5.Final/target/classes:/home/suse/.m2/repository/org/apache/tomcat/embed/tomcat-embed-jasper/8.0.15/tomcat-embed-jasper-8.0.15.jar:/home/suse/.m2/repository/org/apache/tomcat/embed/tomcat-embed-core/8.0.15/tomcat-embed-core-8.0.15.jar:/home/suse/.m2/repository/org/apache/tomcat/embed/tomcat-embed-el/8.0.15/tomcat-embed-el-8.0.15.jar:/home/suse/.m2/repository/org/eclipse/jdt/core/compiler/ecj/4.4/ecj-4.4.jar:/home/suse/.m2/repository/org/aspectj/aspectjweaver/1.8.4/aspectjweaver-1.8.4.jar:/home/suse/.m2/repository/org/springframework/boot/spring-boot-starter-web/1.2.1.RELEASE/spring-boot-starter-web-1.2.1.RELEASE.jar:/home/suse/.m2/repository/org/springframework/boot/spring-boot-starter/1.2.1.RELEASE/spring-boot-starter-1.2.1.RELEASE.jar:/home/suse/.m2/repository/org/springframework/boot/spring-boot/1.2.1.RELEASE/spring-boot-1.2.1.RELEASE.jar:/home/suse/.m2/repository/org/springframework/boot/spring-boot-autoconfigure/1.2.1.RELEASE/spring-boot-autoconfigure-1.2.1.RELEASE.jar:/home/suse/.m2/repository/org/springframework/boot/spring-boot-starter-logging/1.2.1.RELEASE/spring-boot-starter-logging-1.2.1.RELEASE.jar:/home/suse/.m2/repository/org/slf4j/jul-to-slf4j/1.7.8/jul-to-slf4j-1.7.8.jar:/home/suse/.m2/repository/org/slf4j/log4j-over-slf4j/1.7.8/log4j-over-slf4j-1.7.8.jar:/home/suse/.m2/repository/ch/qos/logback/logback-classic/1.1.2/logback-classic-1.1.2.jar:/home/suse/.m2/repository/ch/qos/logback/logback-core/1.1.2/logback-core-1.1.2.jar:/home/suse/.m2/repository/org/yaml/snakeyaml/1.14/snakeyaml-1.14.jar:/home/suse/.m2/repository/org/springframework/boot/spring-boot-starter-tomcat/1.2.1.RELEASE/spring-boot-starter-tomcat-1.2.1.RELEASE.jar:/home/suse/.m2/repository/org/apache/tomcat/embed/tomcat-embed-logging-juli/8.0.15/tomcat-embed-logging-juli-8.0.15.jar:/home/suse/.m2/repository/org/apache/tomcat/embed/tomcat-embed-websocket/8.0.15/tomcat-embed-
Launcher Type: SUN_STANDARD

Environment Variables:
JAVA_HOME=/home/suse/sobngwi/java/jdk1.8.0_31
JRE_HOME=/usr/lib64/jvm/jre
PATH=/u01/app/oracle/product/11.2.0/xe/bin:/home/suse/sobngwi/java/jdk1.8.0_31/bin:/home/suse/sobngwi/java/apache-maven-3.2.5/bin:/home/suse/sobngwi/java/spring-roo-1.3.1.RC1/bin:/home/suse/bin:/usr/local/bin:/usr/bin:/bin:/usr/bin/X11:/usr/games:/home/suse/sobngwi/tomcat/bin
SHELL=/bin/bash
DISPLAY=:0
HOSTTYPE=x86_64
OSTYPE=linux
MACHTYPE=x86_64-suse-linux

Signal Handlers:
SIGSEGV: [libjvm.so+0xa7a650], sa_mask[0]=11111111011111111101111111111110, sa_flags=SA_RESTART|SA_SIGINFO
SIGBUS: [libjvm.so+0xa7a650], sa_mask[0]=11111111011111111101111111111110, sa_flags=SA_RESTART|SA_SIGINFO
SIGFPE: [libjvm.so+0x8e28f0], sa_mask[0]=11111111011111111101111111111110, sa_flags=SA_RESTART|SA_SIGINFO
SIGPIPE: [libjvm.so+0x8e28f0], sa_mask[0]=11111111011111111101111111111110, sa_flags=SA_RESTART|SA_SIGINFO
SIGXFSZ: [libjvm.so+0x8e28f0], sa_mask[0]=11111111011111111101111111111110, sa_flags=SA_RESTART|SA_SIGINFO
SIGILL: [libjvm.so+0x8e28f0], sa_mask[0]=11111111011111111101111111111110, sa_flags=SA_RESTART|SA_SIGINFO
SIGUSR1: SIG_DFL, sa_mask[0]=00000000000000000000000000000000, sa_flags=none
SIGUSR2: [libjvm.so+0x8e4120], sa_mask[0]=00100000000000000000000000000000, sa_flags=SA_RESTART|SA_SIGINFO
SIGHUP: [libjvm.so+0x8e54e0], sa_mask[0]=11111111011111111101111111111110, sa_flags=SA_RESTART|SA_SIGINFO
SIGINT: [libjvm.so+0x8e54e0], sa_mask[0]=11111111011111111101111111111110, sa_flags=SA_RESTART|SA_SIGINFO
SIGTERM: [libjvm.so+0x8e54e0], sa_mask[0]=11111111011111111101111111111110, sa_flags=SA_RESTART|SA_SIGINFO
SIGQUIT: [libjvm.so+0x8e54e0], sa_mask[0]=11111111011111111101111111111110, sa_flags=SA_RESTART|SA_SIGINFO


---------------  S Y S T E M  ---------------

OS:openSUSE 13.2 (x86_64)
VERSION = 13.2
CODENAME = Harlequin
# /etc/SuSE-release is deprecated and will be removed in the future, use /etc/os-release instead

uname:Linux 3.16.6-2-desktop #1 SMP PREEMPT Mon Oct 20 13:47:22 UTC 2014 (feb42ea) x86_64
libc:glibc 2.19 NPTL 2.19 
rlimit: STACK 8192k, CORE 0k, NPROC 15620, NOFILE 4096, AS infinity
load average:0,93 0,47 0,41

/proc/meminfo:
MemTotal:        4014512 kB
MemFree:          125120 kB
MemAvailable:     154108 kB
Buffers:            1988 kB
Cached:           169012 kB
SwapCached:       191960 kB
Active:          2470652 kB
Inactive:         793036 kB
Active(anon):    2382160 kB
Inactive(anon):   720880 kB
Active(file):      88492 kB
Inactive(file):    72156 kB
Unevictable:          80 kB
Mlocked:              80 kB
SwapTotal:       4200444 kB
SwapFree:        2327976 kB
Dirty:                 0 kB
Writeback:             0 kB
AnonPages:       3006332 kB
Mapped:           107012 kB
Shmem:              9964 kB
Slab:             143992 kB
SReclaimable:      66272 kB
SUnreclaim:        77720 kB
KernelStack:        8560 kB
PageTables:        46584 kB
NFS_Unstable:          0 kB
Bounce:                0 kB
WritebackTmp:          0 kB
CommitLimit:     6207700 kB
Committed_AS:    7184004 kB
VmallocTotal:   34359738367 kB
VmallocUsed:      137976 kB
VmallocChunk:   34359588604 kB
HardwareCorrupted:     0 kB
AnonHugePages:   1462272 kB
HugePages_Total:       0
HugePages_Free:        0
HugePages_Rsvd:        0
HugePages_Surp:        0
Hugepagesize:       2048 kB
DirectMap4k:      613836 kB
DirectMap2M:     3540992 kB


CPU:total 4 (4 cores per cpu, 1 threads per core) family 6 model 58 stepping 9, cmov, cx8, fxsr, mmx, sse, sse2, sse3, ssse3, sse4.1, sse4.2, popcnt, avx, aes, clmul, erms, tsc, tscinvbit, tscinv

/proc/cpuinfo:
processor	: 0
vendor_id	: GenuineIntel
cpu family	: 6
model		: 58
model name	: Intel(R) Core(TM) i5-3330 CPU @ 3.00GHz
stepping	: 9
microcode	: 0x15
cpu MHz		: 2747.695
cache size	: 6144 KB
physical id	: 0
siblings	: 4
core id		: 0
cpu cores	: 4
apicid		: 0
initial apicid	: 0
fpu		: yes
fpu_exception	: yes
cpuid level	: 13
wp		: yes
flags		: fpu vme de pse tsc msr pae mce cx8 apic sep mtrr pge mca cmov pat pse36 clflush dts acpi mmx fxsr sse sse2 ss ht tm pbe syscall nx rdtscp lm constant_tsc arch_perfmon pebs bts rep_good nopl xtopology nonstop_tsc aperfmperf eagerfpu pni pclmulqdq dtes64 monitor ds_cpl vmx est tm2 ssse3 cx16 xtpr pdcm pcid sse4_1 sse4_2 x2apic popcnt tsc_deadline_timer aes xsave avx f16c rdrand lahf_lm ida arat epb xsaveopt pln pts dtherm tpr_shadow vnmi flexpriority ept vpid fsgsbase smep erms
bogomips	: 6005.26
clflush size	: 64
cache_alignment	: 64
address sizes	: 36 bits physical, 48 bits virtual
power management:

processor	: 1
vendor_id	: GenuineIntel
cpu family	: 6
model		: 58
model name	: Intel(R) Core(TM) i5-3330 CPU @ 3.00GHz
stepping	: 9
microcode	: 0x15
cpu MHz		: 2546.835
cache size	: 6144 KB
physical id	: 0
siblings	: 4
core id		: 1
cpu cores	: 4
apicid		: 2
initial apicid	: 2
fpu		: yes
fpu_exception	: yes
cpuid level	: 13
wp		: yes
flags		: fpu vme de pse tsc msr pae mce cx8 apic sep mtrr pge mca cmov pat pse36 clflush dts acpi mmx fxsr sse sse2 ss ht tm pbe syscall nx rdtscp lm constant_tsc arch_perfmon pebs bts rep_good nopl xtopology nonstop_tsc aperfmperf eagerfpu pni pclmulqdq dtes64 monitor ds_cpl vmx est tm2 ssse3 cx16 xtpr pdcm pcid sse4_1 sse4_2 x2apic popcnt tsc_deadline_timer aes xsave avx f16c rdrand lahf_lm ida arat epb xsaveopt pln pts dtherm tpr_shadow vnmi flexpriority ept vpid fsgsbase smep erms
bogomips	: 6005.26
clflush size	: 64
cache_alignment	: 64
address sizes	: 36 bits physical, 48 bits virtual
power management:

processor	: 2
vendor_id	: GenuineIntel
cpu family	: 6
model		: 58
model name	: Intel(R) Core(TM) i5-3330 CPU @ 3.00GHz
stepping	: 9
microcode	: 0x15
cpu MHz		: 2606.250
cache size	: 6144 KB
physical id	: 0
siblings	: 4
core id		: 2
cpu cores	: 4
apicid		: 4
initial apicid	: 4
fpu		: yes
fpu_exception	: yes
cpuid level	: 13
wp		: yes
flags		: fpu vme de pse tsc msr pae mce cx8 apic sep mtrr pge mca cmov pat pse36 clflush dts acpi mmx fxsr sse sse2 ss ht tm pbe syscall nx rdtscp lm constant_tsc arch_perfmon pebs bts rep_good nopl xtopology nonstop_tsc aperfmperf eagerfpu pni pclmulqdq dtes64 monitor ds_cpl vmx est tm2 ssse3 cx16 xtpr pdcm pcid sse4_1 sse4_2 x2apic popcnt tsc_deadline_timer aes xsave avx f16c rdrand lahf_lm ida arat epb xsaveopt pln pts dtherm tpr_shadow vnmi flexpriority ept vpid fsgsbase smep erms
bogomips	: 6005.26
clflush size	: 64
cache_alignment	: 64
address sizes	: 36 bits physical, 48 bits virtual
power management:

processor	: 3
vendor_id	: GenuineIntel
cpu family	: 6
model		: 58
model name	: Intel(R) Core(TM) i5-3330 CPU @ 3.00GHz
stepping	: 9
microcode	: 0x15
cpu MHz		: 2962.265
cache size	: 6144 KB
physical id	: 0
siblings	: 4
core id		: 3
cpu cores	: 4
apicid		: 6
initial apicid	: 6
fpu		: yes
fpu_exception	: yes
cpuid level	: 13
wp		: yes
flags		: fpu vme de pse tsc msr pae mce cx8 apic sep mtrr pge mca cmov pat pse36 clflush dts acpi mmx fxsr sse sse2 ss ht tm pbe syscall nx rdtscp lm constant_tsc arch_perfmon pebs bts rep_good nopl xtopology nonstop_tsc aperfmperf eagerfpu pni pclmulqdq dtes64 monitor ds_cpl vmx est tm2 ssse3 cx16 xtpr pdcm pcid sse4_1 sse4_2 x2apic popcnt tsc_deadline_timer aes xsave avx f16c rdrand lahf_lm ida arat epb xsaveopt pln pts dtherm tpr_shadow vnmi flexpriority ept vpid fsgsbase smep erms
bogomips	: 6005.26
clflush size	: 64
cache_alignment	: 64
address sizes	: 36 bits physical, 48 bits virtual
power management:



Memory: 4k page, physical 4014512k(125120k free), swap 4200444k(2327976k free)

vm_info: Java HotSpot(TM) 64-Bit Server VM (25.31-b07) for linux-amd64 JRE (1.8.0_31-b13), built on Dec 17 2014 20:40:15 by "java_re" with gcc 4.3.0 20080428 (Red Hat 4.3.0-8)

time: Sat Feb 28 01:37:57 2015
elapsed time: 1139 seconds (0d 0h 18m 59s)

